\BOOKMARK [0][-]{chapter.1}{\376\377\0001\000\040\000R\000F\000I\000M\000S\000\137\000C\000A\000R\000T}{}% 1
\BOOKMARK [0][-]{chapter.2}{\376\377\0002\000\040\000H\000i\000e\000r\000a\000r\000c\000h\000i\000c\000a\000l\000\040\000I\000n\000d\000e\000x}{}% 2
\BOOKMARK [1][-]{section.2.1}{\376\377\0002\000.\0001\000\040\000C\000l\000a\000s\000s\000\040\000H\000i\000e\000r\000a\000r\000c\000h\000y}{chapter.2}% 3
\BOOKMARK [0][-]{chapter.3}{\376\377\0003\000\040\000C\000l\000a\000s\000s\000\040\000I\000n\000d\000e\000x}{}% 4
\BOOKMARK [1][-]{section.3.1}{\376\377\0003\000.\0001\000\040\000C\000l\000a\000s\000s\000\040\000L\000i\000s\000t}{chapter.3}% 5
\BOOKMARK [0][-]{chapter.4}{\376\377\0004\000\040\000F\000i\000l\000e\000\040\000I\000n\000d\000e\000x}{}% 6
\BOOKMARK [1][-]{section.4.1}{\376\377\0004\000.\0001\000\040\000F\000i\000l\000e\000\040\000L\000i\000s\000t}{chapter.4}% 7
\BOOKMARK [0][-]{chapter.5}{\376\377\0005\000\040\000C\000l\000a\000s\000s\000\040\000D\000o\000c\000u\000m\000e\000n\000t\000a\000t\000i\000o\000n}{}% 8
\BOOKMARK [1][-]{section.5.1}{\376\377\0005\000.\0001\000\040\000A\000n\000t\000e\000n\000n\000a\000P\000o\000s\000i\000t\000i\000o\000n\000e\000r\000\040\000C\000l\000a\000s\000s\000\040\000R\000e\000f\000e\000r\000e\000n\000c\000e}{chapter.5}% 9
\BOOKMARK [2][-]{subsection.5.1.1}{\376\377\0005\000.\0001\000.\0001\000\040\000D\000e\000t\000a\000i\000l\000e\000d\000\040\000D\000e\000s\000c\000r\000i\000p\000t\000i\000o\000n}{section.5.1}% 10
\BOOKMARK [2][-]{subsection.5.1.2}{\376\377\0005\000.\0001\000.\0002\000\040\000C\000o\000n\000s\000t\000r\000u\000c\000t\000o\000r\000\040\000\046\000\040\000D\000e\000s\000t\000r\000u\000c\000t\000o\000r\000\040\000D\000o\000c\000u\000m\000e\000n\000t\000a\000t\000i\000o\000n}{section.5.1}% 11
\BOOKMARK [3][-]{subsubsection.5.1.2.1}{\376\377\0005\000.\0001\000.\0002\000.\0001\000\040\000A\000n\000t\000e\000n\000n\000a\000P\000o\000s\000i\000t\000i\000o\000n\000e\000r\000\050\000\051}{subsection.5.1.2}% 12
\BOOKMARK [3][-]{subsubsection.5.1.2.2}{\376\377\0005\000.\0001\000.\0002\000.\0002\000\040\000\040\000A\000n\000t\000e\000n\000n\000a\000P\000o\000s\000i\000t\000i\000o\000n\000e\000r\000\050\000\051}{subsection.5.1.2}% 13
\BOOKMARK [2][-]{subsection.5.1.3}{\376\377\0005\000.\0001\000.\0003\000\040\000M\000e\000m\000b\000e\000r\000\040\000F\000u\000n\000c\000t\000i\000o\000n\000\040\000D\000o\000c\000u\000m\000e\000n\000t\000a\000t\000i\000o\000n}{section.5.1}% 14
\BOOKMARK [3][-]{subsubsection.5.1.3.1}{\376\377\0005\000.\0001\000.\0003\000.\0001\000\040\000C\000h\000a\000n\000g\000e\000P\000o\000l\000a\000r\000i\000z\000a\000t\000i\000o\000n\000\050\000\051}{subsection.5.1.3}% 15
\BOOKMARK [3][-]{subsubsection.5.1.3.2}{\376\377\0005\000.\0001\000.\0003\000.\0002\000\040\000G\000e\000t\000P\000o\000l\000a\000r\000i\000z\000a\000t\000i\000o\000n\000\050\000\051}{subsection.5.1.3}% 16
\BOOKMARK [3][-]{subsubsection.5.1.3.3}{\376\377\0005\000.\0001\000.\0003\000.\0003\000\040\000G\000e\000t\000P\000o\000l\000a\000r\000i\000z\000a\000t\000i\000o\000n\000S\000t\000r\000i\000n\000g\000\050\000\051}{subsection.5.1.3}% 17
\BOOKMARK [3][-]{subsubsection.5.1.3.4}{\376\377\0005\000.\0001\000.\0003\000.\0004\000\040\000I\000n\000i\000t\000i\000a\000l\000i\000z\000e\000\050\000\051}{subsection.5.1.3}% 18
\BOOKMARK [3][-]{subsubsection.5.1.3.5}{\376\377\0005\000.\0001\000.\0003\000.\0005\000\040\000I\000s\000L\000a\000s\000t\000P\000o\000s\000i\000t\000i\000o\000n\000\050\000\051}{subsection.5.1.3}% 19
\BOOKMARK [3][-]{subsubsection.5.1.3.6}{\376\377\0005\000.\0001\000.\0003\000.\0006\000\040\000N\000e\000x\000t\000A\000z\000i\000m\000P\000o\000s\000i\000t\000i\000o\000n\000\050\000\051}{subsection.5.1.3}% 20
\BOOKMARK [1][-]{section.5.2}{\376\377\0005\000.\0002\000\040\000B\000a\000n\000d\000P\000a\000r\000a\000m\000e\000t\000e\000r\000s\000\040\000S\000t\000r\000u\000c\000t\000\040\000R\000e\000f\000e\000r\000e\000n\000c\000e}{chapter.5}% 21
\BOOKMARK [2][-]{subsection.5.2.1}{\376\377\0005\000.\0002\000.\0001\000\040\000D\000e\000t\000a\000i\000l\000e\000d\000\040\000D\000e\000s\000c\000r\000i\000p\000t\000i\000o\000n}{section.5.2}% 22
\BOOKMARK [1][-]{section.5.3}{\376\377\0005\000.\0003\000\040\000C\000o\000m\000m\000a\000n\000d\000\040\000C\000l\000a\000s\000s\000\040\000R\000e\000f\000e\000r\000e\000n\000c\000e}{chapter.5}% 23
\BOOKMARK [2][-]{subsection.5.3.1}{\376\377\0005\000.\0003\000.\0001\000\040\000D\000e\000t\000a\000i\000l\000e\000d\000\040\000D\000e\000s\000c\000r\000i\000p\000t\000i\000o\000n}{section.5.3}% 24
\BOOKMARK [2][-]{subsection.5.3.2}{\376\377\0005\000.\0003\000.\0002\000\040\000M\000e\000m\000b\000e\000r\000\040\000E\000n\000u\000m\000e\000r\000a\000t\000i\000o\000n\000\040\000D\000o\000c\000u\000m\000e\000n\000t\000a\000t\000i\000o\000n}{section.5.3}% 25
\BOOKMARK [3][-]{subsubsection.5.3.2.1}{\376\377\0005\000.\0003\000.\0002\000.\0001\000\040\000C\000o\000m\000m\000a\000n\000d\000T\000y\000p\000e}{subsection.5.3.2}% 26
\BOOKMARK [2][-]{subsection.5.3.3}{\376\377\0005\000.\0003\000.\0003\000\040\000C\000o\000n\000s\000t\000r\000u\000c\000t\000o\000r\000\040\000\046\000\040\000D\000e\000s\000t\000r\000u\000c\000t\000o\000r\000\040\000D\000o\000c\000u\000m\000e\000n\000t\000a\000t\000i\000o\000n}{section.5.3}% 27
\BOOKMARK [3][-]{subsubsection.5.3.3.1}{\376\377\0005\000.\0003\000.\0003\000.\0001\000\040\000C\000o\000m\000m\000a\000n\000d\000\050\000\051\000\040\000[\0001\000/\0003\000]}{subsection.5.3.3}% 28
\BOOKMARK [3][-]{subsubsection.5.3.3.2}{\376\377\0005\000.\0003\000.\0003\000.\0002\000\040\000C\000o\000m\000m\000a\000n\000d\000\050\000\051\000\040\000[\0002\000/\0003\000]}{subsection.5.3.3}% 29
\BOOKMARK [3][-]{subsubsection.5.3.3.3}{\376\377\0005\000.\0003\000.\0003\000.\0003\000\040\000C\000o\000m\000m\000a\000n\000d\000\050\000\051\000\040\000[\0003\000/\0003\000]}{subsection.5.3.3}% 30
\BOOKMARK [2][-]{subsection.5.3.4}{\376\377\0005\000.\0003\000.\0004\000\040\000M\000e\000m\000b\000e\000r\000\040\000F\000u\000n\000c\000t\000i\000o\000n\000\040\000D\000o\000c\000u\000m\000e\000n\000t\000a\000t\000i\000o\000n}{section.5.3}% 31
\BOOKMARK [3][-]{subsubsection.5.3.4.1}{\376\377\0005\000.\0003\000.\0004\000.\0001\000\040\000G\000e\000t\000B\000y\000t\000e\000s\000P\000o\000i\000n\000t\000e\000r\000\050\000\051}{subsection.5.3.4}% 32
\BOOKMARK [3][-]{subsubsection.5.3.4.2}{\376\377\0005\000.\0003\000.\0004\000.\0002\000\040\000o\000p\000e\000r\000a\000t\000o\000r\000=\000\050\000\051}{subsection.5.3.4}% 33
\BOOKMARK [3][-]{subsubsection.5.3.4.3}{\376\377\0005\000.\0003\000.\0004\000.\0003\000\040\000S\000e\000t\000A\000s\000\050\000\051}{subsection.5.3.4}% 34
\BOOKMARK [3][-]{subsubsection.5.3.4.4}{\376\377\0005\000.\0003\000.\0004\000.\0004\000\040\000S\000e\000t\000P\000a\000r\000a\000m\000e\000t\000e\000r\000s\000\050\000\051}{subsection.5.3.4}% 35
\BOOKMARK [1][-]{section.5.4}{\376\377\0005\000.\0004\000\040\000C\000u\000r\000v\000e\000A\000d\000j\000u\000s\000t\000e\000r\000\040\000C\000l\000a\000s\000s\000\040\000R\000e\000f\000e\000r\000e\000n\000c\000e}{chapter.5}% 36
\BOOKMARK [2][-]{subsection.5.4.1}{\376\377\0005\000.\0004\000.\0001\000\040\000D\000e\000t\000a\000i\000l\000e\000d\000\040\000D\000e\000s\000c\000r\000i\000p\000t\000i\000o\000n}{section.5.4}% 37
\BOOKMARK [2][-]{subsection.5.4.2}{\376\377\0005\000.\0004\000.\0002\000\040\000C\000o\000n\000s\000t\000r\000u\000c\000t\000o\000r\000\040\000\046\000\040\000D\000e\000s\000t\000r\000u\000c\000t\000o\000r\000\040\000D\000o\000c\000u\000m\000e\000n\000t\000a\000t\000i\000o\000n}{section.5.4}% 38
\BOOKMARK [3][-]{subsubsection.5.4.2.1}{\376\377\0005\000.\0004\000.\0002\000.\0001\000\040\000\040\000C\000u\000r\000v\000e\000A\000d\000j\000u\000s\000t\000e\000r\000\050\000\051}{subsection.5.4.2}% 39
\BOOKMARK [2][-]{subsection.5.4.3}{\376\377\0005\000.\0004\000.\0003\000\040\000M\000e\000m\000b\000e\000r\000\040\000F\000u\000n\000c\000t\000i\000o\000n\000\040\000D\000o\000c\000u\000m\000e\000n\000t\000a\000t\000i\000o\000n}{section.5.4}% 40
\BOOKMARK [3][-]{subsubsection.5.4.3.1}{\376\377\0005\000.\0004\000.\0003\000.\0001\000\040\000A\000d\000j\000u\000s\000t\000C\000u\000r\000v\000e\000\050\000\051}{subsection.5.4.3}% 41
\BOOKMARK [3][-]{subsubsection.5.4.3.2}{\376\377\0005\000.\0004\000.\0003\000.\0002\000\040\000S\000e\000t\000B\000a\000n\000d\000s\000P\000a\000r\000a\000m\000e\000t\000e\000r\000s\000\050\000\051}{subsection.5.4.3}% 42
\BOOKMARK [3][-]{subsubsection.5.4.3.3}{\376\377\0005\000.\0004\000.\0003\000.\0003\000\040\000S\000e\000t\000R\000e\000f\000S\000w\000e\000e\000p\000\050\000\051}{subsection.5.4.3}% 43
\BOOKMARK [1][-]{section.5.5}{\376\377\0005\000.\0005\000\040\000D\000a\000t\000a\0003\000D\000\040\000S\000t\000r\000u\000c\000t\000\040\000R\000e\000f\000e\000r\000e\000n\000c\000e}{chapter.5}% 44
\BOOKMARK [2][-]{subsection.5.5.1}{\376\377\0005\000.\0005\000.\0001\000\040\000D\000e\000t\000a\000i\000l\000e\000d\000\040\000D\000e\000s\000c\000r\000i\000p\000t\000i\000o\000n}{section.5.5}% 45
\BOOKMARK [1][-]{section.5.6}{\376\377\0005\000.\0006\000\040\000D\000a\000t\000a\000L\000o\000g\000g\000e\000r\000\040\000C\000l\000a\000s\000s\000\040\000R\000e\000f\000e\000r\000e\000n\000c\000e}{chapter.5}% 46
\BOOKMARK [2][-]{subsection.5.6.1}{\376\377\0005\000.\0006\000.\0001\000\040\000D\000e\000t\000a\000i\000l\000e\000d\000\040\000D\000e\000s\000c\000r\000i\000p\000t\000i\000o\000n}{section.5.6}% 47
\BOOKMARK [2][-]{subsection.5.6.2}{\376\377\0005\000.\0006\000.\0002\000\040\000C\000o\000n\000s\000t\000r\000u\000c\000t\000o\000r\000\040\000\046\000\040\000D\000e\000s\000t\000r\000u\000c\000t\000o\000r\000\040\000D\000o\000c\000u\000m\000e\000n\000t\000a\000t\000i\000o\000n}{section.5.6}% 48
\BOOKMARK [3][-]{subsubsection.5.6.2.1}{\376\377\0005\000.\0006\000.\0002\000.\0001\000\040\000D\000a\000t\000a\000L\000o\000g\000g\000e\000r\000\050\000\051}{subsection.5.6.2}% 49
\BOOKMARK [2][-]{subsection.5.6.3}{\376\377\0005\000.\0006\000.\0003\000\040\000M\000e\000m\000b\000e\000r\000\040\000F\000u\000n\000c\000t\000i\000o\000n\000\040\000D\000o\000c\000u\000m\000e\000n\000t\000a\000t\000i\000o\000n}{section.5.6}% 50
\BOOKMARK [3][-]{subsubsection.5.6.3.1}{\376\377\0005\000.\0006\000.\0003\000.\0001\000\040\000A\000r\000c\000h\000i\000v\000e\000A\000n\000d\000C\000o\000m\000p\000r\000e\000s\000s\000\050\000\051}{subsection.5.6.3}% 51
\BOOKMARK [3][-]{subsubsection.5.6.3.2}{\376\377\0005\000.\0006\000.\0003\000.\0002\000\040\000P\000r\000e\000p\000a\000r\000e\000A\000n\000d\000U\000p\000l\000o\000a\000d\000D\000a\000t\000a\000\050\000\051}{subsection.5.6.3}% 52
\BOOKMARK [3][-]{subsubsection.5.6.3.3}{\376\377\0005\000.\0006\000.\0003\000.\0003\000\040\000S\000a\000v\000e\000B\000a\000n\000d\000s\000P\000a\000r\000a\000m\000A\000s\000C\000S\000V\000\050\000\051}{subsection.5.6.3}% 53
\BOOKMARK [3][-]{subsubsection.5.6.3.4}{\376\377\0005\000.\0006\000.\0003\000.\0004\000\040\000S\000a\000v\000e\000F\000r\000o\000n\000t\000E\000n\000d\000P\000a\000r\000a\000m\000\050\000\051}{subsection.5.6.3}% 54
\BOOKMARK [3][-]{subsubsection.5.6.3.5}{\376\377\0005\000.\0006\000.\0003\000.\0005\000\040\000S\000a\000v\000e\000R\000F\000I\000\050\000\051}{subsection.5.6.3}% 55
\BOOKMARK [3][-]{subsubsection.5.6.3.6}{\376\377\0005\000.\0006\000.\0003\000.\0006\000\040\000S\000a\000v\000e\000S\000w\000e\000e\000p\000\050\000\051}{subsection.5.6.3}% 56
\BOOKMARK [3][-]{subsubsection.5.6.3.7}{\376\377\0005\000.\0006\000.\0003\000.\0007\000\040\000U\000p\000l\000o\000a\000d\000D\000a\000t\000a\000\050\000\051}{subsection.5.6.3}% 57
\BOOKMARK [1][-]{section.5.7}{\376\377\0005\000.\0007\000\040\000S\000p\000e\000c\000t\000r\000a\000n\000C\000o\000n\000f\000i\000g\000u\000r\000a\000t\000o\000r\000:\000:\000F\000i\000x\000e\000d\000P\000a\000r\000a\000m\000e\000t\000e\000r\000s\000\040\000S\000t\000r\000u\000c\000t\000\040\000R\000e\000f\000e\000r\000e\000n\000c\000e}{chapter.5}% 58
\BOOKMARK [2][-]{subsection.5.7.1}{\376\377\0005\000.\0007\000.\0001\000\040\000D\000e\000t\000a\000i\000l\000e\000d\000\040\000D\000e\000s\000c\000r\000i\000p\000t\000i\000o\000n}{section.5.7}% 59
\BOOKMARK [1][-]{section.5.8}{\376\377\0005\000.\0008\000\040\000F\000l\000o\000a\000t\000T\000o\000B\000y\000t\000e\000s\000\040\000U\000n\000i\000o\000n\000\040\000R\000e\000f\000e\000r\000e\000n\000c\000e}{chapter.5}% 60
\BOOKMARK [2][-]{subsection.5.8.1}{\376\377\0005\000.\0008\000.\0001\000\040\000D\000e\000t\000a\000i\000l\000e\000d\000\040\000D\000e\000s\000c\000r\000i\000p\000t\000i\000o\000n}{section.5.8}% 61
\BOOKMARK [1][-]{section.5.9}{\376\377\0005\000.\0009\000\040\000F\000r\000e\000q\000V\000a\000l\000u\000e\000s\000\040\000S\000t\000r\000u\000c\000t\000\040\000R\000e\000f\000e\000r\000e\000n\000c\000e}{chapter.5}% 62
\BOOKMARK [2][-]{subsection.5.9.1}{\376\377\0005\000.\0009\000.\0001\000\040\000D\000e\000t\000a\000i\000l\000e\000d\000\040\000D\000e\000s\000c\000r\000i\000p\000t\000i\000o\000n}{section.5.9}% 63
\BOOKMARK [2][-]{subsection.5.9.2}{\376\377\0005\000.\0009\000.\0002\000\040\000C\000o\000n\000s\000t\000r\000u\000c\000t\000o\000r\000\040\000\046\000\040\000D\000e\000s\000t\000r\000u\000c\000t\000o\000r\000\040\000D\000o\000c\000u\000m\000e\000n\000t\000a\000t\000i\000o\000n}{section.5.9}% 64
\BOOKMARK [3][-]{subsubsection.5.9.2.1}{\376\377\0005\000.\0009\000.\0002\000.\0001\000\040\000F\000r\000e\000q\000V\000a\000l\000u\000e\000s\000\050\000\051\000\040\000[\0001\000/\0002\000]}{subsection.5.9.2}% 65
\BOOKMARK [3][-]{subsubsection.5.9.2.2}{\376\377\0005\000.\0009\000.\0002\000.\0002\000\040\000F\000r\000e\000q\000V\000a\000l\000u\000e\000s\000\050\000\051\000\040\000[\0002\000/\0002\000]}{subsection.5.9.2}% 66
\BOOKMARK [2][-]{subsection.5.9.3}{\376\377\0005\000.\0009\000.\0003\000\040\000M\000e\000m\000b\000e\000r\000\040\000F\000u\000n\000c\000t\000i\000o\000n\000\040\000D\000o\000c\000u\000m\000e\000n\000t\000a\000t\000i\000o\000n}{section.5.9}% 67
\BOOKMARK [3][-]{subsubsection.5.9.3.1}{\376\377\0005\000.\0009\000.\0003\000.\0001\000\040\000o\000p\000e\000r\000a\000t\000o\000r\000+\000=\000\050\000\051}{subsection.5.9.3}% 68
\BOOKMARK [3][-]{subsubsection.5.9.3.2}{\376\377\0005\000.\0009\000.\0003\000.\0002\000\040\000o\000p\000e\000r\000a\000t\000o\000r\000=\000\050\000\051}{subsection.5.9.3}% 69
\BOOKMARK [3][-]{subsubsection.5.9.3.3}{\376\377\0005\000.\0009\000.\0003\000.\0003\000\040\000P\000u\000s\000h\000B\000a\000c\000k\000\050\000\051}{subsection.5.9.3}% 70
\BOOKMARK [2][-]{subsection.5.9.4}{\376\377\0005\000.\0009\000.\0004\000\040\000F\000r\000i\000e\000n\000d\000s\000\040\000A\000n\000d\000\040\000R\000e\000l\000a\000t\000e\000d\000\040\000F\000u\000n\000c\000t\000i\000o\000n\000\040\000D\000o\000c\000u\000m\000e\000n\000t\000a\000t\000i\000o\000n}{section.5.9}% 71
\BOOKMARK [3][-]{subsubsection.5.9.4.1}{\376\377\0005\000.\0009\000.\0004\000.\0001\000\040\000l\000o\000g\0001\0000}{subsection.5.9.4}% 72
\BOOKMARK [3][-]{subsubsection.5.9.4.2}{\376\377\0005\000.\0009\000.\0004\000.\0002\000\040\000o\000p\000e\000r\000a\000t\000o\000r\000*\000\040\000[\0001\000/\0003\000]}{subsection.5.9.4}% 73
\BOOKMARK [3][-]{subsubsection.5.9.4.3}{\376\377\0005\000.\0009\000.\0004\000.\0003\000\040\000o\000p\000e\000r\000a\000t\000o\000r\000*\000\040\000[\0002\000/\0003\000]}{subsection.5.9.4}% 74
\BOOKMARK [3][-]{subsubsection.5.9.4.4}{\376\377\0005\000.\0009\000.\0004\000.\0004\000\040\000o\000p\000e\000r\000a\000t\000o\000r\000*\000\040\000[\0003\000/\0003\000]}{subsection.5.9.4}% 75
\BOOKMARK [3][-]{subsubsection.5.9.4.5}{\376\377\0005\000.\0009\000.\0004\000.\0005\000\040\000o\000p\000e\000r\000a\000t\000o\000r\000+\000\040\000[\0001\000/\0003\000]}{subsection.5.9.4}% 76
\BOOKMARK [3][-]{subsubsection.5.9.4.6}{\376\377\0005\000.\0009\000.\0004\000.\0006\000\040\000o\000p\000e\000r\000a\000t\000o\000r\000+\000\040\000[\0002\000/\0003\000]}{subsection.5.9.4}% 77
\BOOKMARK [3][-]{subsubsection.5.9.4.7}{\376\377\0005\000.\0009\000.\0004\000.\0007\000\040\000o\000p\000e\000r\000a\000t\000o\000r\000+\000\040\000[\0003\000/\0003\000]}{subsection.5.9.4}% 78
\BOOKMARK [3][-]{subsubsection.5.9.4.8}{\376\377\0005\000.\0009\000.\0004\000.\0008\000\040\000o\000p\000e\000r\000a\000t\000o\000r\000-\000\040\000[\0001\000/\0004\000]}{subsection.5.9.4}% 79
\BOOKMARK [3][-]{subsubsection.5.9.4.9}{\376\377\0005\000.\0009\000.\0004\000.\0009\000\040\000o\000p\000e\000r\000a\000t\000o\000r\000-\000\040\000[\0002\000/\0004\000]}{subsection.5.9.4}% 80
\BOOKMARK [3][-]{subsubsection.5.9.4.10}{\376\377\0005\000.\0009\000.\0004\000.\0001\0000\000\040\000o\000p\000e\000r\000a\000t\000o\000r\000-\000\040\000[\0003\000/\0004\000]}{subsection.5.9.4}% 81
\BOOKMARK [3][-]{subsubsection.5.9.4.11}{\376\377\0005\000.\0009\000.\0004\000.\0001\0001\000\040\000o\000p\000e\000r\000a\000t\000o\000r\000-\000\040\000[\0004\000/\0004\000]}{subsection.5.9.4}% 82
\BOOKMARK [3][-]{subsubsection.5.9.4.12}{\376\377\0005\000.\0009\000.\0004\000.\0001\0002\000\040\000o\000p\000e\000r\000a\000t\000o\000r\000/\000\040\000[\0001\000/\0003\000]}{subsection.5.9.4}% 83
\BOOKMARK [3][-]{subsubsection.5.9.4.13}{\376\377\0005\000.\0009\000.\0004\000.\0001\0003\000\040\000o\000p\000e\000r\000a\000t\000o\000r\000/\000\040\000[\0002\000/\0003\000]}{subsection.5.9.4}% 84
\BOOKMARK [3][-]{subsubsection.5.9.4.14}{\376\377\0005\000.\0009\000.\0004\000.\0001\0004\000\040\000o\000p\000e\000r\000a\000t\000o\000r\000/\000\040\000[\0003\000/\0003\000]}{subsection.5.9.4}% 85
\BOOKMARK [3][-]{subsubsection.5.9.4.15}{\376\377\0005\000.\0009\000.\0004\000.\0001\0005\000\040\000p\000o\000w\000\040\000[\0001\000/\0002\000]}{subsection.5.9.4}% 86
\BOOKMARK [3][-]{subsubsection.5.9.4.16}{\376\377\0005\000.\0009\000.\0004\000.\0001\0006\000\040\000p\000o\000w\000\040\000[\0002\000/\0002\000]}{subsection.5.9.4}% 87
\BOOKMARK [2][-]{subsection.5.9.5}{\376\377\0005\000.\0009\000.\0005\000\040\000M\000e\000m\000b\000e\000r\000\040\000D\000a\000t\000a\000\040\000D\000o\000c\000u\000m\000e\000n\000t\000a\000t\000i\000o\000n}{section.5.9}% 88
\BOOKMARK [3][-]{subsubsection.5.9.5.1}{\376\377\0005\000.\0009\000.\0005\000.\0001\000\040\000t\000i\000m\000e\000D\000a\000t\000a}{subsection.5.9.5}% 89
\BOOKMARK [1][-]{section.5.10}{\376\377\0005\000.\0001\0000\000\040\000F\000r\000o\000n\000t\000E\000n\000d\000C\000a\000l\000i\000b\000r\000a\000t\000o\000r\000\040\000C\000l\000a\000s\000s\000\040\000R\000e\000f\000e\000r\000e\000n\000c\000e}{chapter.5}% 90
\BOOKMARK [2][-]{subsection.5.10.1}{\376\377\0005\000.\0001\0000\000.\0001\000\040\000D\000e\000t\000a\000i\000l\000e\000d\000\040\000D\000e\000s\000c\000r\000i\000p\000t\000i\000o\000n}{section.5.10}% 91
\BOOKMARK [2][-]{subsection.5.10.2}{\376\377\0005\000.\0001\0000\000.\0002\000\040\000C\000o\000n\000s\000t\000r\000u\000c\000t\000o\000r\000\040\000\046\000\040\000D\000e\000s\000t\000r\000u\000c\000t\000o\000r\000\040\000D\000o\000c\000u\000m\000e\000n\000t\000a\000t\000i\000o\000n}{section.5.10}% 92
\BOOKMARK [3][-]{subsubsection.5.10.2.1}{\376\377\0005\000.\0001\0000\000.\0002\000.\0001\000\040\000F\000r\000o\000n\000t\000E\000n\000d\000C\000a\000l\000i\000b\000r\000a\000t\000o\000r\000\050\000\051\000\040\000[\0001\000/\0002\000]}{subsection.5.10.2}% 93
\BOOKMARK [3][-]{subsubsection.5.10.2.2}{\376\377\0005\000.\0001\0000\000.\0002\000.\0002\000\040\000F\000r\000o\000n\000t\000E\000n\000d\000C\000a\000l\000i\000b\000r\000a\000t\000o\000r\000\050\000\051\000\040\000[\0002\000/\0002\000]}{subsection.5.10.2}% 94
\BOOKMARK [3][-]{subsubsection.5.10.2.3}{\376\377\0005\000.\0001\0000\000.\0002\000.\0003\000\040\000\040\000F\000r\000o\000n\000t\000E\000n\000d\000C\000a\000l\000i\000b\000r\000a\000t\000o\000r\000\050\000\051}{subsection.5.10.2}% 95
\BOOKMARK [2][-]{subsection.5.10.3}{\376\377\0005\000.\0001\0000\000.\0003\000\040\000M\000e\000m\000b\000e\000r\000\040\000F\000u\000n\000c\000t\000i\000o\000n\000\040\000D\000o\000c\000u\000m\000e\000n\000t\000a\000t\000i\000o\000n}{section.5.10}% 96
\BOOKMARK [3][-]{subsubsection.5.10.3.1}{\376\377\0005\000.\0001\0000\000.\0003\000.\0001\000\040\000B\000u\000i\000l\000d\000R\000B\000W\000C\000u\000r\000v\000e\000\050\000\051}{subsection.5.10.3}% 97
\BOOKMARK [3][-]{subsubsection.5.10.3.2}{\376\377\0005\000.\0001\0000\000.\0003\000.\0002\000\040\000C\000a\000l\000i\000b\000r\000a\000t\000e\000S\000w\000e\000e\000p\000\050\000\051}{subsection.5.10.3}% 98
\BOOKMARK [3][-]{subsubsection.5.10.3.3}{\376\377\0005\000.\0001\0000\000.\0003\000.\0003\000\040\000E\000s\000t\000i\000m\000a\000t\000e\000P\000a\000r\000a\000m\000e\000t\000e\000r\000s\000\050\000\051}{subsection.5.10.3}% 99
\BOOKMARK [3][-]{subsubsection.5.10.3.4}{\376\377\0005\000.\0001\0000\000.\0003\000.\0004\000\040\000L\000o\000a\000d\000E\000N\000R\000\050\000\051}{subsection.5.10.3}% 100
\BOOKMARK [3][-]{subsubsection.5.10.3.5}{\376\377\0005\000.\0001\0000\000.\0003\000.\0005\000\040\000S\000e\000t\000B\000a\000n\000d\000s\000P\000a\000r\000a\000m\000e\000t\000e\000r\000s\000\050\000\051}{subsection.5.10.3}% 101
\BOOKMARK [1][-]{section.5.11}{\376\377\0005\000.\0001\0001\000\040\000G\000P\000S\000C\000o\000o\000r\000d\000i\000n\000a\000t\000e\000s\000\040\000S\000t\000r\000u\000c\000t\000\040\000R\000e\000f\000e\000r\000e\000n\000c\000e}{chapter.5}% 102
\BOOKMARK [2][-]{subsection.5.11.1}{\376\377\0005\000.\0001\0001\000.\0001\000\040\000D\000e\000t\000a\000i\000l\000e\000d\000\040\000D\000e\000s\000c\000r\000i\000p\000t\000i\000o\000n}{section.5.11}% 103
\BOOKMARK [1][-]{section.5.12}{\376\377\0005\000.\0001\0002\000\040\000G\000P\000S\000I\000n\000t\000e\000r\000f\000a\000c\000e\000\040\000C\000l\000a\000s\000s\000\040\000R\000e\000f\000e\000r\000e\000n\000c\000e}{chapter.5}% 104
\BOOKMARK [2][-]{subsection.5.12.1}{\376\377\0005\000.\0001\0002\000.\0001\000\040\000D\000e\000t\000a\000i\000l\000e\000d\000\040\000D\000e\000s\000c\000r\000i\000p\000t\000i\000o\000n}{section.5.12}% 105
\BOOKMARK [2][-]{subsection.5.12.2}{\376\377\0005\000.\0001\0002\000.\0002\000\040\000C\000o\000n\000s\000t\000r\000u\000c\000t\000o\000r\000\040\000\046\000\040\000D\000e\000s\000t\000r\000u\000c\000t\000o\000r\000\040\000D\000o\000c\000u\000m\000e\000n\000t\000a\000t\000i\000o\000n}{section.5.12}% 106
\BOOKMARK [3][-]{subsubsection.5.12.2.1}{\376\377\0005\000.\0001\0002\000.\0002\000.\0001\000\040\000G\000P\000S\000I\000n\000t\000e\000r\000f\000a\000c\000e\000\050\000\051}{subsection.5.12.2}% 107
\BOOKMARK [3][-]{subsubsection.5.12.2.2}{\376\377\0005\000.\0001\0002\000.\0002\000.\0002\000\040\000\040\000G\000P\000S\000I\000n\000t\000e\000r\000f\000a\000c\000e\000\050\000\051}{subsection.5.12.2}% 108
\BOOKMARK [2][-]{subsection.5.12.3}{\376\377\0005\000.\0001\0002\000.\0003\000\040\000M\000e\000m\000b\000e\000r\000\040\000F\000u\000n\000c\000t\000i\000o\000n\000\040\000D\000o\000c\000u\000m\000e\000n\000t\000a\000t\000i\000o\000n}{section.5.12}% 109
\BOOKMARK [3][-]{subsubsection.5.12.3.1}{\376\377\0005\000.\0001\0002\000.\0003\000.\0001\000\040\000E\000n\000a\000b\000l\000e\000S\000t\000r\000e\000a\000m\000i\000n\000g\000\050\000\051}{subsection.5.12.3}% 110
\BOOKMARK [3][-]{subsubsection.5.12.3.2}{\376\377\0005\000.\0001\0002\000.\0003\000.\0002\000\040\000I\000n\000i\000t\000i\000a\000l\000i\000z\000e\000\050\000\051}{subsection.5.12.3}% 111
\BOOKMARK [3][-]{subsubsection.5.12.3.3}{\376\377\0005\000.\0001\0002\000.\0003\000.\0003\000\040\000N\000e\000w\000A\000c\000c\000e\000l\000e\000r\000D\000a\000t\000a\000\050\000\051}{subsection.5.12.3}% 112
\BOOKMARK [3][-]{subsubsection.5.12.3.4}{\376\377\0005\000.\0001\0002\000.\0003\000.\0004\000\040\000N\000e\000w\000C\000o\000m\000p\000a\000s\000s\000D\000a\000t\000a\000\050\000\051}{subsection.5.12.3}% 113
\BOOKMARK [3][-]{subsubsection.5.12.3.5}{\376\377\0005\000.\0001\0002\000.\0003\000.\0005\000\040\000N\000e\000w\000C\000o\000o\000r\000d\000i\000n\000a\000t\000e\000s\000\050\000\051}{subsection.5.12.3}% 114
\BOOKMARK [3][-]{subsubsection.5.12.3.6}{\376\377\0005\000.\0001\0002\000.\0003\000.\0006\000\040\000N\000e\000w\000G\000P\000S\000D\000a\000t\000a\000\050\000\051}{subsection.5.12.3}% 115
\BOOKMARK [3][-]{subsubsection.5.12.3.7}{\376\377\0005\000.\0001\0002\000.\0003\000.\0007\000\040\000N\000e\000w\000G\000P\000S\000E\000l\000e\000v\000a\000t\000i\000o\000n\000\050\000\051}{subsection.5.12.3}% 116
\BOOKMARK [3][-]{subsubsection.5.12.3.8}{\376\377\0005\000.\0001\0002\000.\0003\000.\0008\000\040\000N\000e\000w\000G\000y\000r\000o\000D\000a\000t\000a\000\050\000\051}{subsection.5.12.3}% 117
\BOOKMARK [3][-]{subsubsection.5.12.3.9}{\376\377\0005\000.\0001\0002\000.\0003\000.\0009\000\040\000N\000e\000w\000N\000u\000m\000O\000f\000S\000a\000t\000e\000l\000l\000i\000t\000e\000s\000\050\000\051}{subsection.5.12.3}% 118
\BOOKMARK [3][-]{subsubsection.5.12.3.10}{\376\377\0005\000.\0001\0002\000.\0003\000.\0001\0000\000\040\000N\000e\000w\000P\000i\000t\000c\000h\000\050\000\051}{subsection.5.12.3}% 119
\BOOKMARK [3][-]{subsubsection.5.12.3.11}{\376\377\0005\000.\0001\0002\000.\0003\000.\0001\0001\000\040\000N\000e\000w\000P\000r\000e\000s\000s\000u\000r\000e\000\050\000\051}{subsection.5.12.3}% 120
\BOOKMARK [3][-]{subsubsection.5.12.3.12}{\376\377\0005\000.\0001\0002\000.\0003\000.\0001\0002\000\040\000N\000e\000w\000R\000o\000l\000l\000\050\000\051}{subsection.5.12.3}% 121
\BOOKMARK [3][-]{subsubsection.5.12.3.13}{\376\377\0005\000.\0001\0002\000.\0003\000.\0001\0003\000\040\000N\000e\000w\000T\000i\000m\000e\000D\000a\000t\000a\000\050\000\051}{subsection.5.12.3}% 122
\BOOKMARK [3][-]{subsubsection.5.12.3.14}{\376\377\0005\000.\0001\0002\000.\0003\000.\0001\0004\000\040\000N\000e\000w\000Y\000a\000w\000\050\000\051}{subsection.5.12.3}% 123
\BOOKMARK [1][-]{section.5.13}{\376\377\0005\000.\0001\0003\000\040\000R\000e\000p\000l\000y\000\040\000C\000l\000a\000s\000s\000\040\000R\000e\000f\000e\000r\000e\000n\000c\000e}{chapter.5}% 124
\BOOKMARK [2][-]{subsection.5.13.1}{\376\377\0005\000.\0001\0003\000.\0001\000\040\000D\000e\000t\000a\000i\000l\000e\000d\000\040\000D\000e\000s\000c\000r\000i\000p\000t\000i\000o\000n}{section.5.13}% 125
\BOOKMARK [2][-]{subsection.5.13.2}{\376\377\0005\000.\0001\0003\000.\0002\000\040\000M\000e\000m\000b\000e\000r\000\040\000E\000n\000u\000m\000e\000r\000a\000t\000i\000o\000n\000\040\000D\000o\000c\000u\000m\000e\000n\000t\000a\000t\000i\000o\000n}{section.5.13}% 126
\BOOKMARK [3][-]{subsubsection.5.13.2.1}{\376\377\0005\000.\0001\0003\000.\0002\000.\0001\000\040\000R\000e\000p\000l\000y\000T\000y\000p\000e}{subsection.5.13.2}% 127
\BOOKMARK [2][-]{subsection.5.13.3}{\376\377\0005\000.\0001\0003\000.\0003\000\040\000C\000o\000n\000s\000t\000r\000u\000c\000t\000o\000r\000\040\000\046\000\040\000D\000e\000s\000t\000r\000u\000c\000t\000o\000r\000\040\000D\000o\000c\000u\000m\000e\000n\000t\000a\000t\000i\000o\000n}{section.5.13}% 128
\BOOKMARK [3][-]{subsubsection.5.13.3.1}{\376\377\0005\000.\0001\0003\000.\0003\000.\0001\000\040\000R\000e\000p\000l\000y\000\050\000\051\000\040\000[\0001\000/\0002\000]}{subsection.5.13.3}% 129
\BOOKMARK [3][-]{subsubsection.5.13.3.2}{\376\377\0005\000.\0001\0003\000.\0003\000.\0002\000\040\000R\000e\000p\000l\000y\000\050\000\051\000\040\000[\0002\000/\0002\000]}{subsection.5.13.3}% 130
\BOOKMARK [3][-]{subsubsection.5.13.3.3}{\376\377\0005\000.\0001\0003\000.\0003\000.\0003\000\040\000\040\000R\000e\000p\000l\000y\000\050\000\051}{subsection.5.13.3}% 131
\BOOKMARK [2][-]{subsection.5.13.4}{\376\377\0005\000.\0001\0003\000.\0004\000\040\000M\000e\000m\000b\000e\000r\000\040\000F\000u\000n\000c\000t\000i\000o\000n\000\040\000D\000o\000c\000u\000m\000e\000n\000t\000a\000t\000i\000o\000n}{section.5.13}% 132
\BOOKMARK [3][-]{subsubsection.5.13.4.1}{\376\377\0005\000.\0001\0003\000.\0004\000.\0001\000\040\000F\000i\000l\000l\000B\000y\000t\000e\000s\000V\000e\000c\000t\000o\000r\000\050\000\051}{subsection.5.13.4}% 133
\BOOKMARK [3][-]{subsubsection.5.13.4.2}{\376\377\0005\000.\0001\0003\000.\0004\000.\0002\000\040\000I\000n\000s\000e\000r\000t\000B\000y\000t\000e\000s\000\050\000\051}{subsection.5.13.4}% 134
\BOOKMARK [3][-]{subsubsection.5.13.4.3}{\376\377\0005\000.\0001\0003\000.\0004\000.\0003\000\040\000I\000s\000R\000i\000g\000h\000t\000\050\000\051}{subsection.5.13.4}% 135
\BOOKMARK [3][-]{subsubsection.5.13.4.4}{\376\377\0005\000.\0001\0003\000.\0004\000.\0004\000\040\000o\000p\000e\000r\000a\000t\000o\000r\000=\000\050\000\051}{subsection.5.13.4}% 136
\BOOKMARK [3][-]{subsubsection.5.13.4.5}{\376\377\0005\000.\0001\0003\000.\0004\000.\0005\000\040\000P\000r\000e\000p\000a\000r\000e\000T\000o\000\050\000\051}{subsection.5.13.4}% 137
\BOOKMARK [1][-]{section.5.14}{\376\377\0005\000.\0001\0004\000\040\000R\000F\000I\000\040\000S\000t\000r\000u\000c\000t\000\040\000R\000e\000f\000e\000r\000e\000n\000c\000e}{chapter.5}% 138
\BOOKMARK [2][-]{subsection.5.14.1}{\376\377\0005\000.\0001\0004\000.\0001\000\040\000D\000e\000t\000a\000i\000l\000e\000d\000\040\000D\000e\000s\000c\000r\000i\000p\000t\000i\000o\000n}{section.5.14}% 139
\BOOKMARK [2][-]{subsection.5.14.2}{\376\377\0005\000.\0001\0004\000.\0002\000\040\000C\000o\000n\000s\000t\000r\000u\000c\000t\000o\000r\000\040\000\046\000\040\000D\000e\000s\000t\000r\000u\000c\000t\000o\000r\000\040\000D\000o\000c\000u\000m\000e\000n\000t\000a\000t\000i\000o\000n}{section.5.14}% 140
\BOOKMARK [3][-]{subsubsection.5.14.2.1}{\376\377\0005\000.\0001\0004\000.\0002\000.\0001\000\040\000R\000F\000I\000\050\000\051}{subsection.5.14.2}% 141
\BOOKMARK [2][-]{subsection.5.14.3}{\376\377\0005\000.\0001\0004\000.\0003\000\040\000M\000e\000m\000b\000e\000r\000\040\000F\000u\000n\000c\000t\000i\000o\000n\000\040\000D\000o\000c\000u\000m\000e\000n\000t\000a\000t\000i\000o\000n}{section.5.14}% 142
\BOOKMARK [3][-]{subsubsection.5.14.3.1}{\376\377\0005\000.\0001\0004\000.\0003\000.\0001\000\040\000o\000p\000e\000r\000a\000t\000o\000r\000=\000\050\000\051}{subsection.5.14.3}% 143
\BOOKMARK [2][-]{subsection.5.14.4}{\376\377\0005\000.\0001\0004\000.\0004\000\040\000M\000e\000m\000b\000e\000r\000\040\000D\000a\000t\000a\000\040\000D\000o\000c\000u\000m\000e\000n\000t\000a\000t\000i\000o\000n}{section.5.14}% 144
\BOOKMARK [3][-]{subsubsection.5.14.4.1}{\376\377\0005\000.\0001\0004\000.\0004\000.\0001\000\040\000t\000h\000r\000e\000s\000h\000N\000o\000r\000m}{subsection.5.14.4}% 145
\BOOKMARK [1][-]{section.5.15}{\376\377\0005\000.\0001\0005\000\040\000R\000F\000I\000D\000e\000t\000e\000c\000t\000o\000r\000\040\000C\000l\000a\000s\000s\000\040\000R\000e\000f\000e\000r\000e\000n\000c\000e}{chapter.5}% 146
\BOOKMARK [2][-]{subsection.5.15.1}{\376\377\0005\000.\0001\0005\000.\0001\000\040\000D\000e\000t\000a\000i\000l\000e\000d\000\040\000D\000e\000s\000c\000r\000i\000p\000t\000i\000o\000n}{section.5.15}% 147
\BOOKMARK [2][-]{subsection.5.15.2}{\376\377\0005\000.\0001\0005\000.\0002\000\040\000C\000o\000n\000s\000t\000r\000u\000c\000t\000o\000r\000\040\000\046\000\040\000D\000e\000s\000t\000r\000u\000c\000t\000o\000r\000\040\000D\000o\000c\000u\000m\000e\000n\000t\000a\000t\000i\000o\000n}{section.5.15}% 148
\BOOKMARK [3][-]{subsubsection.5.15.2.1}{\376\377\0005\000.\0001\0005\000.\0002\000.\0001\000\040\000R\000F\000I\000D\000e\000t\000e\000c\000t\000o\000r\000\050\000\051}{subsection.5.15.2}% 149
\BOOKMARK [3][-]{subsubsection.5.15.2.2}{\376\377\0005\000.\0001\0005\000.\0002\000.\0002\000\040\000\040\000R\000F\000I\000D\000e\000t\000e\000c\000t\000o\000r\000\050\000\051}{subsection.5.15.2}% 150
\BOOKMARK [2][-]{subsection.5.15.3}{\376\377\0005\000.\0001\0005\000.\0003\000\040\000M\000e\000m\000b\000e\000r\000\040\000F\000u\000n\000c\000t\000i\000o\000n\000\040\000D\000o\000c\000u\000m\000e\000n\000t\000a\000t\000i\000o\000n}{section.5.15}% 151
\BOOKMARK [3][-]{subsubsection.5.15.3.1}{\376\377\0005\000.\0001\0005\000.\0003\000.\0001\000\040\000D\000e\000t\000e\000c\000t\000R\000F\000I\000\050\000\051}{subsection.5.15.3}% 152
\BOOKMARK [3][-]{subsubsection.5.15.3.2}{\376\377\0005\000.\0001\0005\000.\0003\000.\0002\000\040\000L\000o\000a\000d\000T\000h\000r\000e\000s\000h\000C\000u\000r\000v\000e\000\050\000\051}{subsection.5.15.3}% 153
\BOOKMARK [1][-]{section.5.16}{\376\377\0005\000.\0001\0006\000\040\000r\000f\000i\000m\000s\000\137\000e\000x\000c\000e\000p\000t\000i\000o\000n\000\040\000C\000l\000a\000s\000s\000\040\000R\000e\000f\000e\000r\000e\000n\000c\000e}{chapter.5}% 154
\BOOKMARK [2][-]{subsection.5.16.1}{\376\377\0005\000.\0001\0006\000.\0001\000\040\000D\000e\000t\000a\000i\000l\000e\000d\000\040\000D\000e\000s\000c\000r\000i\000p\000t\000i\000o\000n}{section.5.16}% 155
\BOOKMARK [2][-]{subsection.5.16.2}{\376\377\0005\000.\0001\0006\000.\0002\000\040\000C\000o\000n\000s\000t\000r\000u\000c\000t\000o\000r\000\040\000\046\000\040\000D\000e\000s\000t\000r\000u\000c\000t\000o\000r\000\040\000D\000o\000c\000u\000m\000e\000n\000t\000a\000t\000i\000o\000n}{section.5.16}% 156
\BOOKMARK [3][-]{subsubsection.5.16.2.1}{\376\377\0005\000.\0001\0006\000.\0002\000.\0001\000\040\000r\000f\000i\000m\000s\000\137\000e\000x\000c\000e\000p\000t\000i\000o\000n\000\050\000\051}{subsection.5.16.2}% 157
\BOOKMARK [2][-]{subsection.5.16.3}{\376\377\0005\000.\0001\0006\000.\0003\000\040\000M\000e\000m\000b\000e\000r\000\040\000F\000u\000n\000c\000t\000i\000o\000n\000\040\000D\000o\000c\000u\000m\000e\000n\000t\000a\000t\000i\000o\000n}{section.5.16}% 158
\BOOKMARK [3][-]{subsubsection.5.16.3.1}{\376\377\0005\000.\0001\0006\000.\0003\000.\0001\000\040\000A\000p\000p\000e\000n\000d\000\050\000\051}{subsection.5.16.3}% 159
\BOOKMARK [3][-]{subsubsection.5.16.3.2}{\376\377\0005\000.\0001\0006\000.\0003\000.\0002\000\040\000P\000r\000e\000p\000e\000n\000d\000\050\000\051}{subsection.5.16.3}% 160
\BOOKMARK [3][-]{subsubsection.5.16.3.3}{\376\377\0005\000.\0001\0006\000.\0003\000.\0003\000\040\000S\000e\000t\000M\000e\000s\000s\000a\000g\000e\000\050\000\051}{subsection.5.16.3}% 161
\BOOKMARK [1][-]{section.5.17}{\376\377\0005\000.\0001\0007\000\040\000R\000F\000P\000l\000o\000t\000t\000e\000r\000\040\000C\000l\000a\000s\000s\000\040\000R\000e\000f\000e\000r\000e\000n\000c\000e}{chapter.5}% 162
\BOOKMARK [2][-]{subsection.5.17.1}{\376\377\0005\000.\0001\0007\000.\0001\000\040\000D\000e\000t\000a\000i\000l\000e\000d\000\040\000D\000e\000s\000c\000r\000i\000p\000t\000i\000o\000n}{section.5.17}% 163
\BOOKMARK [2][-]{subsection.5.17.2}{\376\377\0005\000.\0001\0007\000.\0002\000\040\000C\000o\000n\000s\000t\000r\000u\000c\000t\000o\000r\000\040\000\046\000\040\000D\000e\000s\000t\000r\000u\000c\000t\000o\000r\000\040\000D\000o\000c\000u\000m\000e\000n\000t\000a\000t\000i\000o\000n}{section.5.17}% 164
\BOOKMARK [3][-]{subsubsection.5.17.2.1}{\376\377\0005\000.\0001\0007\000.\0002\000.\0001\000\040\000R\000F\000P\000l\000o\000t\000t\000e\000r\000\050\000\051}{subsection.5.17.2}% 165
\BOOKMARK [3][-]{subsubsection.5.17.2.2}{\376\377\0005\000.\0001\0007\000.\0002\000.\0002\000\040\000\040\000R\000F\000P\000l\000o\000t\000t\000e\000r\000\050\000\051}{subsection.5.17.2}% 166
\BOOKMARK [2][-]{subsection.5.17.3}{\376\377\0005\000.\0001\0007\000.\0003\000\040\000M\000e\000m\000b\000e\000r\000\040\000F\000u\000n\000c\000t\000i\000o\000n\000\040\000D\000o\000c\000u\000m\000e\000n\000t\000a\000t\000i\000o\000n}{section.5.17}% 167
\BOOKMARK [3][-]{subsubsection.5.17.3.1}{\376\377\0005\000.\0001\0007\000.\0003\000.\0001\000\040\000P\000l\000o\000t\000\050\000\051}{subsection.5.17.3}% 168
\BOOKMARK [3][-]{subsubsection.5.17.3.2}{\376\377\0005\000.\0001\0007\000.\0003\000.\0002\000\040\000P\000l\000o\000t\000R\000F\000I\000\050\000\051}{subsection.5.17.3}% 169
\BOOKMARK [3][-]{subsubsection.5.17.3.3}{\376\377\0005\000.\0001\0007\000.\0003\000.\0003\000\040\000P\000l\000o\000t\000S\000w\000e\000e\000p\000\050\000\051}{subsection.5.17.3}% 170
\BOOKMARK [1][-]{section.5.18}{\376\377\0005\000.\0001\0008\000\040\000S\000i\000g\000n\000a\000l\000H\000a\000n\000d\000l\000e\000r\000\040\000C\000l\000a\000s\000s\000\040\000R\000e\000f\000e\000r\000e\000n\000c\000e}{chapter.5}% 171
\BOOKMARK [2][-]{subsection.5.18.1}{\376\377\0005\000.\0001\0008\000.\0001\000\040\000D\000e\000t\000a\000i\000l\000e\000d\000\040\000D\000e\000s\000c\000r\000i\000p\000t\000i\000o\000n}{section.5.18}% 172
\BOOKMARK [2][-]{subsection.5.18.2}{\376\377\0005\000.\0001\0008\000.\0002\000\040\000M\000e\000m\000b\000e\000r\000\040\000F\000u\000n\000c\000t\000i\000o\000n\000\040\000D\000o\000c\000u\000m\000e\000n\000t\000a\000t\000i\000o\000n}{section.5.18}% 173
\BOOKMARK [3][-]{subsubsection.5.18.2.1}{\376\377\0005\000.\0001\0008\000.\0002\000.\0001\000\040\000E\000x\000i\000t\000S\000i\000g\000n\000a\000l\000H\000a\000n\000d\000l\000e\000r\000\050\000\051}{subsection.5.18.2}% 174
\BOOKMARK [2][-]{subsection.5.18.3}{\376\377\0005\000.\0001\0008\000.\0003\000\040\000M\000e\000m\000b\000e\000r\000\040\000D\000a\000t\000a\000\040\000D\000o\000c\000u\000m\000e\000n\000t\000a\000t\000i\000o\000n}{section.5.18}% 175
\BOOKMARK [3][-]{subsubsection.5.18.3.1}{\376\377\0005\000.\0001\0008\000.\0003\000.\0001\000\040\000a\000d\000j\000u\000s\000t\000e\000r\000P\000t\000r}{subsection.5.18.3}% 176
\BOOKMARK [3][-]{subsubsection.5.18.3.2}{\376\377\0005\000.\0001\0008\000.\0003\000.\0002\000\040\000a\000n\000t\000P\000o\000s\000i\000t\000i\000o\000n\000e\000r\000P\000t\000r}{subsection.5.18.3}% 177
\BOOKMARK [3][-]{subsubsection.5.18.3.3}{\376\377\0005\000.\0001\0008\000.\0003\000.\0003\000\040\000c\000a\000l\000i\000b\000r\000a\000t\000o\000r\000P\000t\000r}{subsection.5.18.3}% 178
\BOOKMARK [3][-]{subsubsection.5.18.3.4}{\376\377\0005\000.\0001\0008\000.\0003\000.\0004\000\040\000d\000a\000t\000a\000L\000o\000g\000g\000e\000r\000P\000t\000r}{subsection.5.18.3}% 179
\BOOKMARK [3][-]{subsubsection.5.18.3.5}{\376\377\0005\000.\0001\0008\000.\0003\000.\0005\000\040\000g\000a\000i\000n\000P\000l\000o\000t\000t\000e\000r\000P\000t\000r}{subsection.5.18.3}% 180
\BOOKMARK [3][-]{subsubsection.5.18.3.6}{\376\377\0005\000.\0001\0008\000.\0003\000.\0006\000\040\000g\000p\000s\000I\000n\000t\000e\000r\000f\000a\000c\000e\000P\000t\000r}{subsection.5.18.3}% 181
\BOOKMARK [3][-]{subsubsection.5.18.3.7}{\376\377\0005\000.\0001\0008\000.\0003\000.\0007\000\040\000n\000f\000P\000l\000o\000t\000t\000e\000r\000P\000t\000r}{subsection.5.18.3}% 182
\BOOKMARK [3][-]{subsubsection.5.18.3.8}{\376\377\0005\000.\0001\0008\000.\0003\000.\0008\000\040\000r\000f\000i\000D\000e\000t\000e\000c\000t\000o\000r\000P\000t\000r}{subsection.5.18.3}% 183
\BOOKMARK [3][-]{subsubsection.5.18.3.9}{\376\377\0005\000.\0001\0008\000.\0003\000.\0009\000\040\000s\000p\000e\000c\000C\000o\000n\000f\000i\000g\000u\000r\000a\000t\000o\000r\000P\000t\000r}{subsection.5.18.3}% 184
\BOOKMARK [3][-]{subsubsection.5.18.3.10}{\376\377\0005\000.\0001\0008\000.\0003\000.\0001\0000\000\040\000s\000p\000e\000c\000I\000n\000t\000e\000r\000f\000P\000t\000r}{subsection.5.18.3}% 185
\BOOKMARK [3][-]{subsubsection.5.18.3.11}{\376\377\0005\000.\0001\0008\000.\0003\000.\0001\0001\000\040\000s\000w\000e\000e\000p\000B\000u\000i\000l\000d\000e\000r\000P\000t\000r}{subsection.5.18.3}% 186
\BOOKMARK [3][-]{subsubsection.5.18.3.12}{\376\377\0005\000.\0001\0008\000.\0003\000.\0001\0002\000\040\000s\000w\000e\000e\000p\000P\000l\000o\000t\000t\000e\000r\000P\000t\000r}{subsection.5.18.3}% 187
\BOOKMARK [1][-]{section.5.19}{\376\377\0005\000.\0001\0009\000\040\000S\000p\000e\000c\000t\000r\000a\000n\000C\000o\000n\000f\000i\000g\000u\000r\000a\000t\000o\000r\000\040\000C\000l\000a\000s\000s\000\040\000R\000e\000f\000e\000r\000e\000n\000c\000e}{chapter.5}% 188
\BOOKMARK [2][-]{subsection.5.19.1}{\376\377\0005\000.\0001\0009\000.\0001\000\040\000D\000e\000t\000a\000i\000l\000e\000d\000\040\000D\000e\000s\000c\000r\000i\000p\000t\000i\000o\000n}{section.5.19}% 189
\BOOKMARK [2][-]{subsection.5.19.2}{\376\377\0005\000.\0001\0009\000.\0002\000\040\000C\000o\000n\000s\000t\000r\000u\000c\000t\000o\000r\000\040\000\046\000\040\000D\000e\000s\000t\000r\000u\000c\000t\000o\000r\000\040\000D\000o\000c\000u\000m\000e\000n\000t\000a\000t\000i\000o\000n}{section.5.19}% 190
\BOOKMARK [3][-]{subsubsection.5.19.2.1}{\376\377\0005\000.\0001\0009\000.\0002\000.\0001\000\040\000S\000p\000e\000c\000t\000r\000a\000n\000C\000o\000n\000f\000i\000g\000u\000r\000a\000t\000o\000r\000\050\000\051}{subsection.5.19.2}% 191
\BOOKMARK [2][-]{subsection.5.19.3}{\376\377\0005\000.\0001\0009\000.\0003\000\040\000M\000e\000m\000b\000e\000r\000\040\000F\000u\000n\000c\000t\000i\000o\000n\000\040\000D\000o\000c\000u\000m\000e\000n\000t\000a\000t\000i\000o\000n}{section.5.19}% 192
\BOOKMARK [3][-]{subsubsection.5.19.3.1}{\376\377\0005\000.\0001\0009\000.\0003\000.\0001\000\040\000C\000o\000n\000f\000i\000g\000u\000r\000e\000N\000e\000x\000t\000B\000a\000n\000d\000\050\000\051}{subsection.5.19.3}% 193
\BOOKMARK [3][-]{subsubsection.5.19.3.2}{\376\377\0005\000.\0001\0009\000.\0003\000.\0002\000\040\000I\000n\000i\000t\000i\000a\000l\000C\000o\000n\000f\000i\000g\000u\000r\000a\000t\000i\000o\000n\000\050\000\051}{subsection.5.19.3}% 194
\BOOKMARK [3][-]{subsubsection.5.19.3.3}{\376\377\0005\000.\0001\0009\000.\0003\000.\0003\000\040\000L\000o\000a\000d\000B\000a\000n\000d\000s\000P\000a\000r\000a\000m\000e\000t\000e\000r\000s\000\050\000\051}{subsection.5.19.3}% 195
\BOOKMARK [3][-]{subsubsection.5.19.3.4}{\376\377\0005\000.\0001\0009\000.\0003\000.\0004\000\040\000L\000o\000a\000d\000F\000i\000x\000e\000d\000P\000a\000r\000a\000m\000e\000t\000e\000r\000s\000\050\000\051}{subsection.5.19.3}% 196
\BOOKMARK [3][-]{subsubsection.5.19.3.5}{\376\377\0005\000.\0001\0009\000.\0003\000.\0005\000\040\000S\000e\000t\000C\000u\000r\000r\000B\000a\000n\000d\000P\000a\000r\000a\000m\000e\000t\000e\000r\000s\000\050\000\051}{subsection.5.19.3}% 197
\BOOKMARK [1][-]{section.5.20}{\376\377\0005\000.\0002\0000\000\040\000S\000p\000e\000c\000t\000r\000a\000n\000I\000n\000t\000e\000r\000f\000a\000c\000e\000\040\000C\000l\000a\000s\000s\000\040\000R\000e\000f\000e\000r\000e\000n\000c\000e}{chapter.5}% 198
\BOOKMARK [2][-]{subsection.5.20.1}{\376\377\0005\000.\0002\0000\000.\0001\000\040\000D\000e\000t\000a\000i\000l\000e\000d\000\040\000D\000e\000s\000c\000r\000i\000p\000t\000i\000o\000n}{section.5.20}% 199
\BOOKMARK [2][-]{subsection.5.20.2}{\376\377\0005\000.\0002\0000\000.\0002\000\040\000C\000o\000n\000s\000t\000r\000u\000c\000t\000o\000r\000\040\000\046\000\040\000D\000e\000s\000t\000r\000u\000c\000t\000o\000r\000\040\000D\000o\000c\000u\000m\000e\000n\000t\000a\000t\000i\000o\000n}{section.5.20}% 200
\BOOKMARK [3][-]{subsubsection.5.20.2.1}{\376\377\0005\000.\0002\0000\000.\0002\000.\0001\000\040\000S\000p\000e\000c\000t\000r\000a\000n\000I\000n\000t\000e\000r\000f\000a\000c\000e\000\050\000\051}{subsection.5.20.2}% 201
\BOOKMARK [3][-]{subsubsection.5.20.2.2}{\376\377\0005\000.\0002\0000\000.\0002\000.\0002\000\040\000\040\000S\000p\000e\000c\000t\000r\000a\000n\000I\000n\000t\000e\000r\000f\000a\000c\000e\000\050\000\051}{subsection.5.20.2}% 202
\BOOKMARK [2][-]{subsection.5.20.3}{\376\377\0005\000.\0002\0000\000.\0003\000\040\000M\000e\000m\000b\000e\000r\000\040\000F\000u\000n\000c\000t\000i\000o\000n\000\040\000D\000o\000c\000u\000m\000e\000n\000t\000a\000t\000i\000o\000n}{section.5.20}% 203
\BOOKMARK [3][-]{subsubsection.5.20.3.1}{\376\377\0005\000.\0002\0000\000.\0003\000.\0001\000\040\000D\000i\000s\000a\000b\000l\000e\000S\000w\000e\000e\000p\000\050\000\051}{subsection.5.20.3}% 204
\BOOKMARK [3][-]{subsubsection.5.20.3.2}{\376\377\0005\000.\0002\0000\000.\0003\000.\0002\000\040\000E\000n\000a\000b\000l\000e\000S\000w\000e\000e\000p\000\050\000\051}{subsection.5.20.3}% 205
\BOOKMARK [3][-]{subsubsection.5.20.3.3}{\376\377\0005\000.\0002\0000\000.\0003\000.\0003\000\040\000H\000a\000r\000d\000R\000e\000s\000e\000t\000\050\000\051}{subsection.5.20.3}% 206
\BOOKMARK [3][-]{subsubsection.5.20.3.4}{\376\377\0005\000.\0002\0000\000.\0003\000.\0004\000\040\000I\000n\000i\000t\000i\000a\000l\000i\000z\000e\000\050\000\051}{subsection.5.20.3}% 207
\BOOKMARK [3][-]{subsubsection.5.20.3.5}{\376\377\0005\000.\0002\0000\000.\0003\000.\0005\000\040\000L\000o\000g\000O\000u\000t\000\050\000\051}{subsection.5.20.3}% 208
\BOOKMARK [3][-]{subsubsection.5.20.3.6}{\376\377\0005\000.\0002\0000\000.\0003\000.\0006\000\040\000R\000e\000a\000d\000\050\000\051}{subsection.5.20.3}% 209
\BOOKMARK [3][-]{subsubsection.5.20.3.7}{\376\377\0005\000.\0002\0000\000.\0003\000.\0007\000\040\000R\000e\000s\000e\000t\000S\000w\000e\000e\000p\000\050\000\051}{subsection.5.20.3}% 210
\BOOKMARK [3][-]{subsubsection.5.20.3.8}{\376\377\0005\000.\0002\0000\000.\0003\000.\0008\000\040\000S\000o\000f\000t\000R\000e\000s\000e\000t\000\050\000\051}{subsection.5.20.3}% 211
\BOOKMARK [3][-]{subsubsection.5.20.3.9}{\376\377\0005\000.\0002\0000\000.\0003\000.\0009\000\040\000S\000o\000u\000n\000d\000N\000e\000w\000S\000w\000e\000e\000p\000\050\000\051}{subsection.5.20.3}% 212
\BOOKMARK [3][-]{subsubsection.5.20.3.10}{\376\377\0005\000.\0002\0000\000.\0003\000.\0001\0000\000\040\000W\000r\000i\000t\000e\000\050\000\051}{subsection.5.20.3}% 213
\BOOKMARK [1][-]{section.5.21}{\376\377\0005\000.\0002\0001\000\040\000S\000w\000e\000e\000p\000\040\000S\000t\000r\000u\000c\000t\000\040\000R\000e\000f\000e\000r\000e\000n\000c\000e}{chapter.5}% 214
\BOOKMARK [2][-]{subsection.5.21.1}{\376\377\0005\000.\0002\0001\000.\0001\000\040\000D\000e\000t\000a\000i\000l\000e\000d\000\040\000D\000e\000s\000c\000r\000i\000p\000t\000i\000o\000n}{section.5.21}% 215
\BOOKMARK [2][-]{subsection.5.21.2}{\376\377\0005\000.\0002\0001\000.\0002\000\040\000C\000o\000n\000s\000t\000r\000u\000c\000t\000o\000r\000\040\000\046\000\040\000D\000e\000s\000t\000r\000u\000c\000t\000o\000r\000\040\000D\000o\000c\000u\000m\000e\000n\000t\000a\000t\000i\000o\000n}{section.5.21}% 216
\BOOKMARK [3][-]{subsubsection.5.21.2.1}{\376\377\0005\000.\0002\0001\000.\0002\000.\0001\000\040\000S\000w\000e\000e\000p\000\050\000\051\000\040\000[\0001\000/\0002\000]}{subsection.5.21.2}% 217
\BOOKMARK [3][-]{subsubsection.5.21.2.2}{\376\377\0005\000.\0002\0001\000.\0002\000.\0002\000\040\000S\000w\000e\000e\000p\000\050\000\051\000\040\000[\0002\000/\0002\000]}{subsection.5.21.2}% 218
\BOOKMARK [2][-]{subsection.5.21.3}{\376\377\0005\000.\0002\0001\000.\0003\000\040\000M\000e\000m\000b\000e\000r\000\040\000F\000u\000n\000c\000t\000i\000o\000n\000\040\000D\000o\000c\000u\000m\000e\000n\000t\000a\000t\000i\000o\000n}{section.5.21}% 219
\BOOKMARK [3][-]{subsubsection.5.21.3.1}{\376\377\0005\000.\0002\0001\000.\0003\000.\0001\000\040\000o\000p\000e\000r\000a\000t\000o\000r\000=\000\050\000\051}{subsection.5.21.3}% 220
\BOOKMARK [2][-]{subsection.5.21.4}{\376\377\0005\000.\0002\0001\000.\0004\000\040\000F\000r\000i\000e\000n\000d\000s\000\040\000A\000n\000d\000\040\000R\000e\000l\000a\000t\000e\000d\000\040\000F\000u\000n\000c\000t\000i\000o\000n\000\040\000D\000o\000c\000u\000m\000e\000n\000t\000a\000t\000i\000o\000n}{section.5.21}% 221
\BOOKMARK [3][-]{subsubsection.5.21.4.1}{\376\377\0005\000.\0002\0001\000.\0004\000.\0001\000\040\000l\000o\000g\0001\0000}{subsection.5.21.4}% 222
\BOOKMARK [3][-]{subsubsection.5.21.4.2}{\376\377\0005\000.\0002\0001\000.\0004\000.\0002\000\040\000o\000p\000e\000r\000a\000t\000o\000r\000*\000\040\000[\0001\000/\0003\000]}{subsection.5.21.4}% 223
\BOOKMARK [3][-]{subsubsection.5.21.4.3}{\376\377\0005\000.\0002\0001\000.\0004\000.\0003\000\040\000o\000p\000e\000r\000a\000t\000o\000r\000*\000\040\000[\0002\000/\0003\000]}{subsection.5.21.4}% 224
\BOOKMARK [3][-]{subsubsection.5.21.4.4}{\376\377\0005\000.\0002\0001\000.\0004\000.\0004\000\040\000o\000p\000e\000r\000a\000t\000o\000r\000*\000\040\000[\0003\000/\0003\000]}{subsection.5.21.4}% 225
\BOOKMARK [3][-]{subsubsection.5.21.4.5}{\376\377\0005\000.\0002\0001\000.\0004\000.\0005\000\040\000o\000p\000e\000r\000a\000t\000o\000r\000+\000\040\000[\0001\000/\0004\000]}{subsection.5.21.4}% 226
\BOOKMARK [3][-]{subsubsection.5.21.4.6}{\376\377\0005\000.\0002\0001\000.\0004\000.\0006\000\040\000o\000p\000e\000r\000a\000t\000o\000r\000+\000\040\000[\0002\000/\0004\000]}{subsection.5.21.4}% 227
\BOOKMARK [3][-]{subsubsection.5.21.4.7}{\376\377\0005\000.\0002\0001\000.\0004\000.\0007\000\040\000o\000p\000e\000r\000a\000t\000o\000r\000+\000\040\000[\0003\000/\0004\000]}{subsection.5.21.4}% 228
\BOOKMARK [3][-]{subsubsection.5.21.4.8}{\376\377\0005\000.\0002\0001\000.\0004\000.\0008\000\040\000o\000p\000e\000r\000a\000t\000o\000r\000+\000\040\000[\0004\000/\0004\000]}{subsection.5.21.4}% 229
\BOOKMARK [3][-]{subsubsection.5.21.4.9}{\376\377\0005\000.\0002\0001\000.\0004\000.\0009\000\040\000o\000p\000e\000r\000a\000t\000o\000r\000-\000\040\000[\0001\000/\0003\000]}{subsection.5.21.4}% 230
\BOOKMARK [3][-]{subsubsection.5.21.4.10}{\376\377\0005\000.\0002\0001\000.\0004\000.\0001\0000\000\040\000o\000p\000e\000r\000a\000t\000o\000r\000-\000\040\000[\0002\000/\0003\000]}{subsection.5.21.4}% 231
\BOOKMARK [3][-]{subsubsection.5.21.4.11}{\376\377\0005\000.\0002\0001\000.\0004\000.\0001\0001\000\040\000o\000p\000e\000r\000a\000t\000o\000r\000-\000\040\000[\0003\000/\0003\000]}{subsection.5.21.4}% 232
\BOOKMARK [3][-]{subsubsection.5.21.4.12}{\376\377\0005\000.\0002\0001\000.\0004\000.\0001\0002\000\040\000o\000p\000e\000r\000a\000t\000o\000r\000/\000\040\000[\0001\000/\0003\000]}{subsection.5.21.4}% 233
\BOOKMARK [3][-]{subsubsection.5.21.4.13}{\376\377\0005\000.\0002\0001\000.\0004\000.\0001\0003\000\040\000o\000p\000e\000r\000a\000t\000o\000r\000/\000\040\000[\0002\000/\0003\000]}{subsection.5.21.4}% 234
\BOOKMARK [3][-]{subsubsection.5.21.4.14}{\376\377\0005\000.\0002\0001\000.\0004\000.\0001\0004\000\040\000o\000p\000e\000r\000a\000t\000o\000r\000/\000\040\000[\0003\000/\0003\000]}{subsection.5.21.4}% 235
\BOOKMARK [3][-]{subsubsection.5.21.4.15}{\376\377\0005\000.\0002\0001\000.\0004\000.\0001\0005\000\040\000p\000o\000w\000\040\000[\0001\000/\0002\000]}{subsection.5.21.4}% 236
\BOOKMARK [3][-]{subsubsection.5.21.4.16}{\376\377\0005\000.\0002\0001\000.\0004\000.\0001\0006\000\040\000p\000o\000w\000\040\000[\0002\000/\0002\000]}{subsection.5.21.4}% 237
\BOOKMARK [2][-]{subsection.5.21.5}{\376\377\0005\000.\0002\0001\000.\0005\000\040\000M\000e\000m\000b\000e\000r\000\040\000D\000a\000t\000a\000\040\000D\000o\000c\000u\000m\000e\000n\000t\000a\000t\000i\000o\000n}{section.5.21}% 238
\BOOKMARK [3][-]{subsubsection.5.21.5.1}{\376\377\0005\000.\0002\0001\000.\0005\000.\0001\000\040\000p\000o\000l\000a\000r\000i\000z\000a\000t\000i\000o\000n}{subsection.5.21.5}% 239
\BOOKMARK [1][-]{section.5.22}{\376\377\0005\000.\0002\0002\000\040\000S\000w\000e\000e\000p\000B\000u\000i\000l\000d\000e\000r\000\040\000C\000l\000a\000s\000s\000\040\000R\000e\000f\000e\000r\000e\000n\000c\000e}{chapter.5}% 240
\BOOKMARK [2][-]{subsection.5.22.1}{\376\377\0005\000.\0002\0002\000.\0001\000\040\000D\000e\000t\000a\000i\000l\000e\000d\000\040\000D\000e\000s\000c\000r\000i\000p\000t\000i\000o\000n}{section.5.22}% 241
\BOOKMARK [2][-]{subsection.5.22.2}{\376\377\0005\000.\0002\0002\000.\0002\000\040\000C\000o\000n\000s\000t\000r\000u\000c\000t\000o\000r\000\040\000\046\000\040\000D\000e\000s\000t\000r\000u\000c\000t\000o\000r\000\040\000D\000o\000c\000u\000m\000e\000n\000t\000a\000t\000i\000o\000n}{section.5.22}% 242
\BOOKMARK [3][-]{subsubsection.5.22.2.1}{\376\377\0005\000.\0002\0002\000.\0002\000.\0001\000\040\000S\000w\000e\000e\000p\000B\000u\000i\000l\000d\000e\000r\000\050\000\051}{subsection.5.22.2}% 243
\BOOKMARK [3][-]{subsubsection.5.22.2.2}{\376\377\0005\000.\0002\0002\000.\0002\000.\0002\000\040\000\040\000S\000w\000e\000e\000p\000B\000u\000i\000l\000d\000e\000r\000\050\000\051}{subsection.5.22.2}% 244
\BOOKMARK [2][-]{subsection.5.22.3}{\376\377\0005\000.\0002\0002\000.\0003\000\040\000M\000e\000m\000b\000e\000r\000\040\000F\000u\000n\000c\000t\000i\000o\000n\000\040\000D\000o\000c\000u\000m\000e\000n\000t\000a\000t\000i\000o\000n}{section.5.22}% 245
\BOOKMARK [3][-]{subsubsection.5.22.3.1}{\376\377\0005\000.\0002\0002\000.\0003\000.\0001\000\040\000C\000a\000p\000t\000u\000r\000e\000S\000w\000e\000e\000p\000\050\000\051}{subsection.5.22.3}% 246
\BOOKMARK [1][-]{section.5.23}{\376\377\0005\000.\0002\0003\000\040\000S\000w\000e\000e\000p\000R\000e\000p\000l\000y\000\040\000C\000l\000a\000s\000s\000\040\000R\000e\000f\000e\000r\000e\000n\000c\000e}{chapter.5}% 247
\BOOKMARK [2][-]{subsection.5.23.1}{\376\377\0005\000.\0002\0003\000.\0001\000\040\000D\000e\000t\000a\000i\000l\000e\000d\000\040\000D\000e\000s\000c\000r\000i\000p\000t\000i\000o\000n}{section.5.23}% 248
\BOOKMARK [2][-]{subsection.5.23.2}{\376\377\0005\000.\0002\0003\000.\0002\000\040\000C\000o\000n\000s\000t\000r\000u\000c\000t\000o\000r\000\040\000\046\000\040\000D\000e\000s\000t\000r\000u\000c\000t\000o\000r\000\040\000D\000o\000c\000u\000m\000e\000n\000t\000a\000t\000i\000o\000n}{section.5.23}% 249
\BOOKMARK [3][-]{subsubsection.5.23.2.1}{\376\377\0005\000.\0002\0003\000.\0002\000.\0001\000\040\000S\000w\000e\000e\000p\000R\000e\000p\000l\000y\000\050\000\051}{subsection.5.23.2}% 250
\BOOKMARK [2][-]{subsection.5.23.3}{\376\377\0005\000.\0002\0003\000.\0003\000\040\000M\000e\000m\000b\000e\000r\000\040\000F\000u\000n\000c\000t\000i\000o\000n\000\040\000D\000o\000c\000u\000m\000e\000n\000t\000a\000t\000i\000o\000n}{section.5.23}% 251
\BOOKMARK [3][-]{subsubsection.5.23.3.1}{\376\377\0005\000.\0002\0003\000.\0003\000.\0001\000\040\000I\000n\000s\000e\000r\000t\000B\000y\000t\000e\000s\000\050\000\051}{subsection.5.23.3}% 252
\BOOKMARK [3][-]{subsubsection.5.23.3.2}{\376\377\0005\000.\0002\0003\000.\0003\000.\0002\000\040\000o\000p\000e\000r\000a\000t\000o\000r\000=\000\050\000\051}{subsection.5.23.3}% 253
\BOOKMARK [1][-]{section.5.24}{\376\377\0005\000.\0002\0004\000\040\000T\000i\000m\000e\000D\000a\000t\000a\000\040\000S\000t\000r\000u\000c\000t\000\040\000R\000e\000f\000e\000r\000e\000n\000c\000e}{chapter.5}% 254
\BOOKMARK [2][-]{subsection.5.24.1}{\376\377\0005\000.\0002\0004\000.\0001\000\040\000D\000e\000t\000a\000i\000l\000e\000d\000\040\000D\000e\000s\000c\000r\000i\000p\000t\000i\000o\000n}{section.5.24}% 255
\BOOKMARK [2][-]{subsection.5.24.2}{\376\377\0005\000.\0002\0004\000.\0002\000\040\000C\000o\000n\000s\000t\000r\000u\000c\000t\000o\000r\000\040\000\046\000\040\000D\000e\000s\000t\000r\000u\000c\000t\000o\000r\000\040\000D\000o\000c\000u\000m\000e\000n\000t\000a\000t\000i\000o\000n}{section.5.24}% 256
\BOOKMARK [3][-]{subsubsection.5.24.2.1}{\376\377\0005\000.\0002\0004\000.\0002\000.\0001\000\040\000T\000i\000m\000e\000D\000a\000t\000a\000\050\000\051}{subsection.5.24.2}% 257
\BOOKMARK [2][-]{subsection.5.24.3}{\376\377\0005\000.\0002\0004\000.\0003\000\040\000M\000e\000m\000b\000e\000r\000\040\000F\000u\000n\000c\000t\000i\000o\000n\000\040\000D\000o\000c\000u\000m\000e\000n\000t\000a\000t\000i\000o\000n}{section.5.24}% 258
\BOOKMARK [3][-]{subsubsection.5.24.3.1}{\376\377\0005\000.\0002\0004\000.\0003\000.\0001\000\040\000o\000p\000e\000r\000a\000t\000o\000r\000=\000\050\000\051}{subsection.5.24.3}% 259
\BOOKMARK [3][-]{subsubsection.5.24.3.2}{\376\377\0005\000.\0002\0004\000.\0003\000.\0002\000\040\000S\000e\000t\000D\000a\000t\000e\000\050\000\051}{subsection.5.24.3}% 260
\BOOKMARK [3][-]{subsubsection.5.24.3.3}{\376\377\0005\000.\0002\0004\000.\0003\000.\0003\000\040\000S\000e\000t\000T\000i\000m\000e\000\050\000\051}{subsection.5.24.3}% 261
\BOOKMARK [3][-]{subsubsection.5.24.3.4}{\376\377\0005\000.\0002\0004\000.\0003\000.\0004\000\040\000S\000e\000t\000T\000i\000m\000e\000s\000t\000a\000m\000p\000\050\000\051}{subsection.5.24.3}% 262
\BOOKMARK [3][-]{subsubsection.5.24.3.5}{\376\377\0005\000.\0002\0004\000.\0003\000.\0005\000\040\000T\000u\000r\000n\000B\000a\000c\000k\000D\000a\000y\000s\000\050\000\051}{subsection.5.24.3}% 263
\BOOKMARK [2][-]{subsection.5.24.4}{\376\377\0005\000.\0002\0004\000.\0004\000\040\000F\000r\000i\000e\000n\000d\000s\000\040\000A\000n\000d\000\040\000R\000e\000l\000a\000t\000e\000d\000\040\000F\000u\000n\000c\000t\000i\000o\000n\000\040\000D\000o\000c\000u\000m\000e\000n\000t\000a\000t\000i\000o\000n}{section.5.24}% 264
\BOOKMARK [3][-]{subsubsection.5.24.4.1}{\376\377\0005\000.\0002\0004\000.\0004\000.\0001\000\040\000o\000p\000e\000r\000a\000t\000o\000r\000<}{subsection.5.24.4}% 265
\BOOKMARK [3][-]{subsubsection.5.24.4.2}{\376\377\0005\000.\0002\0004\000.\0004\000.\0002\000\040\000o\000p\000e\000r\000a\000t\000o\000r\000=\000=}{subsection.5.24.4}% 266
\BOOKMARK [3][-]{subsubsection.5.24.4.3}{\376\377\0005\000.\0002\0004\000.\0004\000.\0003\000\040\000o\000p\000e\000r\000a\000t\000o\000r\000>}{subsection.5.24.4}% 267
\BOOKMARK [0][-]{chapter.6}{\376\377\0006\000\040\000F\000i\000l\000e\000\040\000D\000o\000c\000u\000m\000e\000n\000t\000a\000t\000i\000o\000n}{}% 268
\BOOKMARK [1][-]{section.6.1}{\376\377\0006\000.\0001\000\040\000/\000h\000o\000m\000e\000/\000n\000e\000w\000-\000m\000a\000u\000r\000o\000/\000e\000c\000l\000i\000p\000s\000e\000-\000c\000d\000t\000/\000w\000o\000r\000k\000s\000p\000a\000c\000e\000/\000R\000F\000I\000M\000S\000\137\000C\000A\000R\000T\000/\000s\000c\000r\000i\000p\000t\000s\000/\000c\000l\000i\000e\000n\000t\000.\000p\000y\000\040\000F\000i\000l\000e\000\040\000R\000e\000f\000e\000r\000e\000n\000c\000e}{chapter.6}% 269
\BOOKMARK [2][-]{subsection.6.1.1}{\376\377\0006\000.\0001\000.\0001\000\040\000D\000e\000t\000a\000i\000l\000e\000d\000\040\000D\000e\000s\000c\000r\000i\000p\000t\000i\000o\000n}{section.6.1}% 270
\BOOKMARK [2][-]{subsection.6.1.2}{\376\377\0006\000.\0001\000.\0002\000\040\000F\000u\000n\000c\000t\000i\000o\000n\000\040\000D\000o\000c\000u\000m\000e\000n\000t\000a\000t\000i\000o\000n}{section.6.1}% 271
\BOOKMARK [3][-]{subsubsection.6.1.2.1}{\376\377\0006\000.\0001\000.\0002\000.\0001\000\040\000I\000n\000t\000e\000r\000n\000e\000t\000\137\000o\000n\000\050\000\051}{subsection.6.1.2}% 272
\BOOKMARK [3][-]{subsubsection.6.1.2.2}{\376\377\0006\000.\0001\000.\0002\000.\0002\000\040\000N\000a\000m\000e\000E\000x\000t\000r\000a\000c\000t\000o\000r\000\050\000\051}{subsection.6.1.2}% 273
\BOOKMARK [3][-]{subsubsection.6.1.2.3}{\376\377\0006\000.\0001\000.\0002\000.\0003\000\040\000S\000e\000n\000d\000D\000a\000t\000a\000\050\000\051}{subsection.6.1.2}% 274
\BOOKMARK [3][-]{subsubsection.6.1.2.4}{\376\377\0006\000.\0001\000.\0002\000.\0004\000\040\000S\000e\000r\000v\000e\000r\000W\000a\000k\000e\000U\000p\000\050\000\051}{subsection.6.1.2}% 275
\BOOKMARK [2][-]{subsection.6.1.3}{\376\377\0006\000.\0001\000.\0003\000\040\000V\000a\000r\000i\000a\000b\000l\000e\000\040\000D\000o\000c\000u\000m\000e\000n\000t\000a\000t\000i\000o\000n}{section.6.1}% 276
\BOOKMARK [3][-]{subsubsection.6.1.3.1}{\376\377\0006\000.\0001\000.\0003\000.\0001\000\040\000f\000i\000l\000e\000\137\000n\000a\000m\000e}{subsection.6.1.3}% 277
\BOOKMARK [3][-]{subsubsection.6.1.3.2}{\376\377\0006\000.\0001\000.\0003\000.\0002\000\040\000f\000i\000l\000e\000\137\000p\000a\000t\000h}{subsection.6.1.3}% 278
\BOOKMARK [3][-]{subsubsection.6.1.3.3}{\376\377\0006\000.\0001\000.\0003\000.\0003\000\040\000H\000O\000S\000T}{subsection.6.1.3}% 279
\BOOKMARK [3][-]{subsubsection.6.1.3.4}{\376\377\0006\000.\0001\000.\0003\000.\0004\000\040\000P\000A\000S\000S\000W\000O\000R\000D}{subsection.6.1.3}% 280
\BOOKMARK [3][-]{subsubsection.6.1.3.5}{\376\377\0006\000.\0001\000.\0003\000.\0005\000\040\000P\000O\000R\000T}{subsection.6.1.3}% 281
\BOOKMARK [3][-]{subsubsection.6.1.3.6}{\376\377\0006\000.\0001\000.\0003\000.\0006\000\040\000R\000E\000M\000O\000T\000E\000\137\000F\000O\000L\000D\000E\000R}{subsection.6.1.3}% 282
\BOOKMARK [3][-]{subsubsection.6.1.3.7}{\376\377\0006\000.\0001\000.\0003\000.\0007\000\040\000S\000E\000R\000V\000E\000R\000\137\000S\000C\000R\000I\000P\000T\000\137\000P\000A\000T\000H}{subsection.6.1.3}% 283
\BOOKMARK [3][-]{subsubsection.6.1.3.8}{\376\377\0006\000.\0001\000.\0003\000.\0008\000\040\000T\000R\000I\000E\000S}{subsection.6.1.3}% 284
\BOOKMARK [3][-]{subsubsection.6.1.3.9}{\376\377\0006\000.\0001\000.\0003\000.\0009\000\040\000U\000S\000E\000R\000N\000A\000M\000E}{subsection.6.1.3}% 285
\BOOKMARK [3][-]{subsubsection.6.1.3.10}{\376\377\0006\000.\0001\000.\0003\000.\0001\0000\000\040\000W\000A\000I\000T\000\137\000M\000I\000N\000S}{subsection.6.1.3}% 286
\BOOKMARK [3][-]{subsubsection.6.1.3.11}{\376\377\0006\000.\0001\000.\0003\000.\0001\0001\000\040\000W\000A\000I\000T\000\137\000S\000E\000C\000O\000N\000D\000S}{subsection.6.1.3}% 287
\BOOKMARK [1][-]{section.6.2}{\376\377\0006\000.\0002\000\040\000/\000h\000o\000m\000e\000/\000n\000e\000w\000-\000m\000a\000u\000r\000o\000/\000e\000c\000l\000i\000p\000s\000e\000-\000c\000d\000t\000/\000w\000o\000r\000k\000s\000p\000a\000c\000e\000/\000R\000F\000I\000M\000S\000\137\000C\000A\000R\000T\000/\000s\000r\000c\000/\000A\000n\000t\000e\000n\000n\000a\000P\000o\000s\000i\000t\000i\000o\000n\000e\000r\000.\000c\000p\000p\000\040\000F\000i\000l\000e\000\040\000R\000e\000f\000e\000r\000e\000n\000c\000e}{chapter.6}% 288
\BOOKMARK [2][-]{subsection.6.2.1}{\376\377\0006\000.\0002\000.\0001\000\040\000D\000e\000t\000a\000i\000l\000e\000d\000\040\000D\000e\000s\000c\000r\000i\000p\000t\000i\000o\000n}{section.6.2}% 289
\BOOKMARK [1][-]{section.6.3}{\376\377\0006\000.\0003\000\040\000/\000h\000o\000m\000e\000/\000n\000e\000w\000-\000m\000a\000u\000r\000o\000/\000e\000c\000l\000i\000p\000s\000e\000-\000c\000d\000t\000/\000w\000o\000r\000k\000s\000p\000a\000c\000e\000/\000R\000F\000I\000M\000S\000\137\000C\000A\000R\000T\000/\000s\000r\000c\000/\000A\000n\000t\000e\000n\000n\000a\000P\000o\000s\000i\000t\000i\000o\000n\000i\000n\000g\000.\000h\000\040\000F\000i\000l\000e\000\040\000R\000e\000f\000e\000r\000e\000n\000c\000e}{chapter.6}% 290
\BOOKMARK [2][-]{subsection.6.3.1}{\376\377\0006\000.\0003\000.\0001\000\040\000D\000e\000t\000a\000i\000l\000e\000d\000\040\000D\000e\000s\000c\000r\000i\000p\000t\000i\000o\000n}{section.6.3}% 291
\BOOKMARK [1][-]{section.6.4}{\376\377\0006\000.\0004\000\040\000/\000h\000o\000m\000e\000/\000n\000e\000w\000-\000m\000a\000u\000r\000o\000/\000e\000c\000l\000i\000p\000s\000e\000-\000c\000d\000t\000/\000w\000o\000r\000k\000s\000p\000a\000c\000e\000/\000R\000F\000I\000M\000S\000\137\000C\000A\000R\000T\000/\000s\000r\000c\000/\000B\000a\000s\000i\000c\000s\000.\000c\000p\000p\000\040\000F\000i\000l\000e\000\040\000R\000e\000f\000e\000r\000e\000n\000c\000e}{chapter.6}% 292
\BOOKMARK [2][-]{subsection.6.4.1}{\376\377\0006\000.\0004\000.\0001\000\040\000D\000e\000t\000a\000i\000l\000e\000d\000\040\000D\000e\000s\000c\000r\000i\000p\000t\000i\000o\000n}{section.6.4}% 293
\BOOKMARK [2][-]{subsection.6.4.2}{\376\377\0006\000.\0004\000.\0002\000\040\000F\000u\000n\000c\000t\000i\000o\000n\000\040\000D\000o\000c\000u\000m\000e\000n\000t\000a\000t\000i\000o\000n}{section.6.4}% 294
\BOOKMARK [3][-]{subsubsection.6.4.2.1}{\376\377\0006\000.\0004\000.\0002\000.\0001\000\040\000a\000p\000p\000r\000o\000x\000i\000m\000a\000t\000e\000l\000y\000E\000q\000u\000a\000l\000\050\000\051\000\040\000[\0001\000/\0002\000]}{subsection.6.4.2}% 295
\BOOKMARK [3][-]{subsubsection.6.4.2.2}{\376\377\0006\000.\0004\000.\0002\000.\0002\000\040\000a\000p\000p\000r\000o\000x\000i\000m\000a\000t\000e\000l\000y\000E\000q\000u\000a\000l\000\050\000\051\000\040\000[\0002\000/\0002\000]}{subsection.6.4.2}% 296
\BOOKMARK [3][-]{subsubsection.6.4.2.3}{\376\377\0006\000.\0004\000.\0002\000.\0003\000\040\000o\000p\000e\000r\000a\000t\000o\000r\000-\000\050\000\051}{subsection.6.4.2}% 297
\BOOKMARK [3][-]{subsubsection.6.4.2.4}{\376\377\0006\000.\0004\000.\0002\000.\0004\000\040\000T\000u\000r\000n\000O\000f\000f\000F\000r\000o\000n\000t\000E\000n\000d\000\050\000\051}{subsection.6.4.2}% 298
\BOOKMARK [3][-]{subsubsection.6.4.2.5}{\376\377\0006\000.\0004\000.\0002\000.\0005\000\040\000T\000u\000r\000n\000O\000n\000F\000r\000o\000n\000t\000E\000n\000d\000\050\000\051}{subsection.6.4.2}% 299
\BOOKMARK [1][-]{section.6.5}{\376\377\0006\000.\0005\000\040\000/\000h\000o\000m\000e\000/\000n\000e\000w\000-\000m\000a\000u\000r\000o\000/\000e\000c\000l\000i\000p\000s\000e\000-\000c\000d\000t\000/\000w\000o\000r\000k\000s\000p\000a\000c\000e\000/\000R\000F\000I\000M\000S\000\137\000C\000A\000R\000T\000/\000s\000r\000c\000/\000B\000a\000s\000i\000c\000s\000.\000h\000\040\000F\000i\000l\000e\000\040\000R\000e\000f\000e\000r\000e\000n\000c\000e}{chapter.6}% 300
\BOOKMARK [2][-]{subsection.6.5.1}{\376\377\0006\000.\0005\000.\0001\000\040\000D\000e\000t\000a\000i\000l\000e\000d\000\040\000D\000e\000s\000c\000r\000i\000p\000t\000i\000o\000n}{section.6.5}% 301
\BOOKMARK [2][-]{subsection.6.5.2}{\376\377\0006\000.\0005\000.\0002\000\040\000F\000u\000n\000c\000t\000i\000o\000n\000\040\000D\000o\000c\000u\000m\000e\000n\000t\000a\000t\000i\000o\000n}{section.6.5}% 302
\BOOKMARK [3][-]{subsubsection.6.5.2.1}{\376\377\0006\000.\0005\000.\0002\000.\0001\000\040\000a\000p\000p\000r\000o\000x\000i\000m\000a\000t\000e\000l\000y\000E\000q\000u\000a\000l\000\050\000\051\000\040\000[\0001\000/\0002\000]}{subsection.6.5.2}% 303
\BOOKMARK [3][-]{subsubsection.6.5.2.2}{\376\377\0006\000.\0005\000.\0002\000.\0002\000\040\000a\000p\000p\000r\000o\000x\000i\000m\000a\000t\000e\000l\000y\000E\000q\000u\000a\000l\000\050\000\051\000\040\000[\0002\000/\0002\000]}{subsection.6.5.2}% 304
\BOOKMARK [3][-]{subsubsection.6.5.2.3}{\376\377\0006\000.\0005\000.\0002\000.\0003\000\040\000o\000p\000e\000r\000a\000t\000o\000r\000-\000\050\000\051}{subsection.6.5.2}% 305
\BOOKMARK [3][-]{subsubsection.6.5.2.4}{\376\377\0006\000.\0005\000.\0002\000.\0004\000\040\000T\000u\000r\000n\000O\000f\000f\000F\000r\000o\000n\000t\000E\000n\000d\000\050\000\051}{subsection.6.5.2}% 306
\BOOKMARK [3][-]{subsubsection.6.5.2.5}{\376\377\0006\000.\0005\000.\0002\000.\0005\000\040\000T\000u\000r\000n\000O\000n\000F\000r\000o\000n\000t\000E\000n\000d\000\050\000\051}{subsection.6.5.2}% 307
\BOOKMARK [1][-]{section.6.6}{\376\377\0006\000.\0006\000\040\000/\000h\000o\000m\000e\000/\000n\000e\000w\000-\000m\000a\000u\000r\000o\000/\000e\000c\000l\000i\000p\000s\000e\000-\000c\000d\000t\000/\000w\000o\000r\000k\000s\000p\000a\000c\000e\000/\000R\000F\000I\000M\000S\000\137\000C\000A\000R\000T\000/\000s\000r\000c\000/\000C\000o\000m\000m\000a\000n\000d\000.\000c\000p\000p\000\040\000F\000i\000l\000e\000\040\000R\000e\000f\000e\000r\000e\000n\000c\000e}{chapter.6}% 308
\BOOKMARK [2][-]{subsection.6.6.1}{\376\377\0006\000.\0006\000.\0001\000\040\000D\000e\000t\000a\000i\000l\000e\000d\000\040\000D\000e\000s\000c\000r\000i\000p\000t\000i\000o\000n}{section.6.6}% 309
\BOOKMARK [1][-]{section.6.7}{\376\377\0006\000.\0007\000\040\000/\000h\000o\000m\000e\000/\000n\000e\000w\000-\000m\000a\000u\000r\000o\000/\000e\000c\000l\000i\000p\000s\000e\000-\000c\000d\000t\000/\000w\000o\000r\000k\000s\000p\000a\000c\000e\000/\000R\000F\000I\000M\000S\000\137\000C\000A\000R\000T\000/\000s\000r\000c\000/\000C\000u\000r\000v\000e\000A\000d\000j\000u\000s\000t\000e\000r\000.\000c\000p\000p\000\040\000F\000i\000l\000e\000\040\000R\000e\000f\000e\000r\000e\000n\000c\000e}{chapter.6}% 310
\BOOKMARK [2][-]{subsection.6.7.1}{\376\377\0006\000.\0007\000.\0001\000\040\000D\000e\000t\000a\000i\000l\000e\000d\000\040\000D\000e\000s\000c\000r\000i\000p\000t\000i\000o\000n}{section.6.7}% 311
\BOOKMARK [1][-]{section.6.8}{\376\377\0006\000.\0008\000\040\000/\000h\000o\000m\000e\000/\000n\000e\000w\000-\000m\000a\000u\000r\000o\000/\000e\000c\000l\000i\000p\000s\000e\000-\000c\000d\000t\000/\000w\000o\000r\000k\000s\000p\000a\000c\000e\000/\000R\000F\000I\000M\000S\000\137\000C\000A\000R\000T\000/\000s\000r\000c\000/\000D\000a\000t\000a\000L\000o\000g\000g\000e\000r\000.\000c\000p\000p\000\040\000F\000i\000l\000e\000\040\000R\000e\000f\000e\000r\000e\000n\000c\000e}{chapter.6}% 312
\BOOKMARK [2][-]{subsection.6.8.1}{\376\377\0006\000.\0008\000.\0001\000\040\000D\000e\000t\000a\000i\000l\000e\000d\000\040\000D\000e\000s\000c\000r\000i\000p\000t\000i\000o\000n}{section.6.8}% 313
\BOOKMARK [1][-]{section.6.9}{\376\377\0006\000.\0009\000\040\000/\000h\000o\000m\000e\000/\000n\000e\000w\000-\000m\000a\000u\000r\000o\000/\000e\000c\000l\000i\000p\000s\000e\000-\000c\000d\000t\000/\000w\000o\000r\000k\000s\000p\000a\000c\000e\000/\000R\000F\000I\000M\000S\000\137\000C\000A\000R\000T\000/\000s\000r\000c\000/\000F\000r\000e\000q\000V\000a\000l\000u\000e\000s\000.\000c\000p\000p\000\040\000F\000i\000l\000e\000\040\000R\000e\000f\000e\000r\000e\000n\000c\000e}{chapter.6}% 314
\BOOKMARK [2][-]{subsection.6.9.1}{\376\377\0006\000.\0009\000.\0001\000\040\000D\000e\000t\000a\000i\000l\000e\000d\000\040\000D\000e\000s\000c\000r\000i\000p\000t\000i\000o\000n}{section.6.9}% 315
\BOOKMARK [2][-]{subsection.6.9.2}{\376\377\0006\000.\0009\000.\0002\000\040\000F\000u\000n\000c\000t\000i\000o\000n\000\040\000D\000o\000c\000u\000m\000e\000n\000t\000a\000t\000i\000o\000n}{section.6.9}% 316
\BOOKMARK [3][-]{subsubsection.6.9.2.1}{\376\377\0006\000.\0009\000.\0002\000.\0001\000\040\000l\000o\000g\0001\0000\000\050\000\051\000\040\000[\0001\000/\0002\000]}{subsection.6.9.2}% 317
\BOOKMARK [3][-]{subsubsection.6.9.2.2}{\376\377\0006\000.\0009\000.\0002\000.\0002\000\040\000l\000o\000g\0001\0000\000\050\000\051\000\040\000[\0002\000/\0002\000]}{subsection.6.9.2}% 318
\BOOKMARK [3][-]{subsubsection.6.9.2.3}{\376\377\0006\000.\0009\000.\0002\000.\0003\000\040\000o\000p\000e\000r\000a\000t\000o\000r\000*\000\050\000\051\000\040\000[\0001\000/\0006\000]}{subsection.6.9.2}% 319
\BOOKMARK [3][-]{subsubsection.6.9.2.4}{\376\377\0006\000.\0009\000.\0002\000.\0004\000\040\000o\000p\000e\000r\000a\000t\000o\000r\000*\000\050\000\051\000\040\000[\0002\000/\0006\000]}{subsection.6.9.2}% 320
\BOOKMARK [3][-]{subsubsection.6.9.2.5}{\376\377\0006\000.\0009\000.\0002\000.\0005\000\040\000o\000p\000e\000r\000a\000t\000o\000r\000*\000\050\000\051\000\040\000[\0003\000/\0006\000]}{subsection.6.9.2}% 321
\BOOKMARK [3][-]{subsubsection.6.9.2.6}{\376\377\0006\000.\0009\000.\0002\000.\0006\000\040\000o\000p\000e\000r\000a\000t\000o\000r\000*\000\050\000\051\000\040\000[\0004\000/\0006\000]}{subsection.6.9.2}% 322
\BOOKMARK [3][-]{subsubsection.6.9.2.7}{\376\377\0006\000.\0009\000.\0002\000.\0007\000\040\000o\000p\000e\000r\000a\000t\000o\000r\000*\000\050\000\051\000\040\000[\0005\000/\0006\000]}{subsection.6.9.2}% 323
\BOOKMARK [3][-]{subsubsection.6.9.2.8}{\376\377\0006\000.\0009\000.\0002\000.\0008\000\040\000o\000p\000e\000r\000a\000t\000o\000r\000*\000\050\000\051\000\040\000[\0006\000/\0006\000]}{subsection.6.9.2}% 324
\BOOKMARK [3][-]{subsubsection.6.9.2.9}{\376\377\0006\000.\0009\000.\0002\000.\0009\000\040\000o\000p\000e\000r\000a\000t\000o\000r\000+\000\050\000\051\000\040\000[\0001\000/\0009\000]}{subsection.6.9.2}% 325
\BOOKMARK [3][-]{subsubsection.6.9.2.10}{\376\377\0006\000.\0009\000.\0002\000.\0001\0000\000\040\000o\000p\000e\000r\000a\000t\000o\000r\000+\000\050\000\051\000\040\000[\0002\000/\0009\000]}{subsection.6.9.2}% 326
\BOOKMARK [3][-]{subsubsection.6.9.2.11}{\376\377\0006\000.\0009\000.\0002\000.\0001\0001\000\040\000o\000p\000e\000r\000a\000t\000o\000r\000+\000\050\000\051\000\040\000[\0003\000/\0009\000]}{subsection.6.9.2}% 327
\BOOKMARK [3][-]{subsubsection.6.9.2.12}{\376\377\0006\000.\0009\000.\0002\000.\0001\0002\000\040\000o\000p\000e\000r\000a\000t\000o\000r\000+\000\050\000\051\000\040\000[\0004\000/\0009\000]}{subsection.6.9.2}% 328
\BOOKMARK [3][-]{subsubsection.6.9.2.13}{\376\377\0006\000.\0009\000.\0002\000.\0001\0003\000\040\000o\000p\000e\000r\000a\000t\000o\000r\000+\000\050\000\051\000\040\000[\0005\000/\0009\000]}{subsection.6.9.2}% 329
\BOOKMARK [3][-]{subsubsection.6.9.2.14}{\376\377\0006\000.\0009\000.\0002\000.\0001\0004\000\040\000o\000p\000e\000r\000a\000t\000o\000r\000+\000\050\000\051\000\040\000[\0006\000/\0009\000]}{subsection.6.9.2}% 330
\BOOKMARK [3][-]{subsubsection.6.9.2.15}{\376\377\0006\000.\0009\000.\0002\000.\0001\0005\000\040\000o\000p\000e\000r\000a\000t\000o\000r\000+\000\050\000\051\000\040\000[\0007\000/\0009\000]}{subsection.6.9.2}% 331
\BOOKMARK [3][-]{subsubsection.6.9.2.16}{\376\377\0006\000.\0009\000.\0002\000.\0001\0006\000\040\000o\000p\000e\000r\000a\000t\000o\000r\000+\000\050\000\051\000\040\000[\0008\000/\0009\000]}{subsection.6.9.2}% 332
\BOOKMARK [3][-]{subsubsection.6.9.2.17}{\376\377\0006\000.\0009\000.\0002\000.\0001\0007\000\040\000o\000p\000e\000r\000a\000t\000o\000r\000+\000\050\000\051\000\040\000[\0009\000/\0009\000]}{subsection.6.9.2}% 333
\BOOKMARK [3][-]{subsubsection.6.9.2.18}{\376\377\0006\000.\0009\000.\0002\000.\0001\0008\000\040\000o\000p\000e\000r\000a\000t\000o\000r\000-\000\050\000\051\000\040\000[\0001\000/\0009\000]}{subsection.6.9.2}% 334
\BOOKMARK [3][-]{subsubsection.6.9.2.19}{\376\377\0006\000.\0009\000.\0002\000.\0001\0009\000\040\000o\000p\000e\000r\000a\000t\000o\000r\000-\000\050\000\051\000\040\000[\0002\000/\0009\000]}{subsection.6.9.2}% 335
\BOOKMARK [3][-]{subsubsection.6.9.2.20}{\376\377\0006\000.\0009\000.\0002\000.\0002\0000\000\040\000o\000p\000e\000r\000a\000t\000o\000r\000-\000\050\000\051\000\040\000[\0003\000/\0009\000]}{subsection.6.9.2}% 336
\BOOKMARK [3][-]{subsubsection.6.9.2.21}{\376\377\0006\000.\0009\000.\0002\000.\0002\0001\000\040\000o\000p\000e\000r\000a\000t\000o\000r\000-\000\050\000\051\000\040\000[\0004\000/\0009\000]}{subsection.6.9.2}% 337
\BOOKMARK [3][-]{subsubsection.6.9.2.22}{\376\377\0006\000.\0009\000.\0002\000.\0002\0002\000\040\000o\000p\000e\000r\000a\000t\000o\000r\000-\000\050\000\051\000\040\000[\0005\000/\0009\000]}{subsection.6.9.2}% 338
\BOOKMARK [3][-]{subsubsection.6.9.2.23}{\376\377\0006\000.\0009\000.\0002\000.\0002\0003\000\040\000o\000p\000e\000r\000a\000t\000o\000r\000-\000\050\000\051\000\040\000[\0006\000/\0009\000]}{subsection.6.9.2}% 339
\BOOKMARK [3][-]{subsubsection.6.9.2.24}{\376\377\0006\000.\0009\000.\0002\000.\0002\0004\000\040\000o\000p\000e\000r\000a\000t\000o\000r\000-\000\050\000\051\000\040\000[\0007\000/\0009\000]}{subsection.6.9.2}% 340
\BOOKMARK [3][-]{subsubsection.6.9.2.25}{\376\377\0006\000.\0009\000.\0002\000.\0002\0005\000\040\000o\000p\000e\000r\000a\000t\000o\000r\000-\000\050\000\051\000\040\000[\0008\000/\0009\000]}{subsection.6.9.2}% 341
\BOOKMARK [3][-]{subsubsection.6.9.2.26}{\376\377\0006\000.\0009\000.\0002\000.\0002\0006\000\040\000o\000p\000e\000r\000a\000t\000o\000r\000-\000\050\000\051\000\040\000[\0009\000/\0009\000]}{subsection.6.9.2}% 342
\BOOKMARK [3][-]{subsubsection.6.9.2.27}{\376\377\0006\000.\0009\000.\0002\000.\0002\0007\000\040\000o\000p\000e\000r\000a\000t\000o\000r\000/\000\050\000\051\000\040\000[\0001\000/\0006\000]}{subsection.6.9.2}% 343
\BOOKMARK [3][-]{subsubsection.6.9.2.28}{\376\377\0006\000.\0009\000.\0002\000.\0002\0008\000\040\000o\000p\000e\000r\000a\000t\000o\000r\000/\000\050\000\051\000\040\000[\0002\000/\0006\000]}{subsection.6.9.2}% 344
\BOOKMARK [3][-]{subsubsection.6.9.2.29}{\376\377\0006\000.\0009\000.\0002\000.\0002\0009\000\040\000o\000p\000e\000r\000a\000t\000o\000r\000/\000\050\000\051\000\040\000[\0003\000/\0006\000]}{subsection.6.9.2}% 345
\BOOKMARK [3][-]{subsubsection.6.9.2.30}{\376\377\0006\000.\0009\000.\0002\000.\0003\0000\000\040\000o\000p\000e\000r\000a\000t\000o\000r\000/\000\050\000\051\000\040\000[\0004\000/\0006\000]}{subsection.6.9.2}% 346
\BOOKMARK [3][-]{subsubsection.6.9.2.31}{\376\377\0006\000.\0009\000.\0002\000.\0003\0001\000\040\000o\000p\000e\000r\000a\000t\000o\000r\000/\000\050\000\051\000\040\000[\0005\000/\0006\000]}{subsection.6.9.2}% 347
\BOOKMARK [3][-]{subsubsection.6.9.2.32}{\376\377\0006\000.\0009\000.\0002\000.\0003\0002\000\040\000o\000p\000e\000r\000a\000t\000o\000r\000/\000\050\000\051\000\040\000[\0006\000/\0006\000]}{subsection.6.9.2}% 348
\BOOKMARK [3][-]{subsubsection.6.9.2.33}{\376\377\0006\000.\0009\000.\0002\000.\0003\0003\000\040\000p\000o\000w\000\050\000\051\000\040\000[\0001\000/\0004\000]}{subsection.6.9.2}% 349
\BOOKMARK [3][-]{subsubsection.6.9.2.34}{\376\377\0006\000.\0009\000.\0002\000.\0003\0004\000\040\000p\000o\000w\000\050\000\051\000\040\000[\0002\000/\0004\000]}{subsection.6.9.2}% 350
\BOOKMARK [3][-]{subsubsection.6.9.2.35}{\376\377\0006\000.\0009\000.\0002\000.\0003\0005\000\040\000p\000o\000w\000\050\000\051\000\040\000[\0003\000/\0004\000]}{subsection.6.9.2}% 351
\BOOKMARK [3][-]{subsubsection.6.9.2.36}{\376\377\0006\000.\0009\000.\0002\000.\0003\0006\000\040\000p\000o\000w\000\050\000\051\000\040\000[\0004\000/\0004\000]}{subsection.6.9.2}% 352
\BOOKMARK [1][-]{section.6.10}{\376\377\0006\000.\0001\0000\000\040\000/\000h\000o\000m\000e\000/\000n\000e\000w\000-\000m\000a\000u\000r\000o\000/\000e\000c\000l\000i\000p\000s\000e\000-\000c\000d\000t\000/\000w\000o\000r\000k\000s\000p\000a\000c\000e\000/\000R\000F\000I\000M\000S\000\137\000C\000A\000R\000T\000/\000s\000r\000c\000/\000F\000r\000o\000n\000t\000E\000n\000d\000C\000a\000l\000i\000b\000r\000a\000t\000o\000r\000.\000c\000p\000p\000\040\000F\000i\000l\000e\000\040\000R\000e\000f\000e\000r\000e\000n\000c\000e}{chapter.6}% 353
\BOOKMARK [2][-]{subsection.6.10.1}{\376\377\0006\000.\0001\0000\000.\0001\000\040\000D\000e\000t\000a\000i\000l\000e\000d\000\040\000D\000e\000s\000c\000r\000i\000p\000t\000i\000o\000n}{section.6.10}% 354
\BOOKMARK [1][-]{section.6.11}{\376\377\0006\000.\0001\0001\000\040\000/\000h\000o\000m\000e\000/\000n\000e\000w\000-\000m\000a\000u\000r\000o\000/\000e\000c\000l\000i\000p\000s\000e\000-\000c\000d\000t\000/\000w\000o\000r\000k\000s\000p\000a\000c\000e\000/\000R\000F\000I\000M\000S\000\137\000C\000A\000R\000T\000/\000s\000r\000c\000/\000G\000P\000S\000I\000n\000t\000e\000r\000f\000a\000c\000e\000.\000c\000p\000p\000\040\000F\000i\000l\000e\000\040\000R\000e\000f\000e\000r\000e\000n\000c\000e}{chapter.6}% 355
\BOOKMARK [2][-]{subsection.6.11.1}{\376\377\0006\000.\0001\0001\000.\0001\000\040\000D\000e\000t\000a\000i\000l\000e\000d\000\040\000D\000e\000s\000c\000r\000i\000p\000t\000i\000o\000n}{section.6.11}% 356
\BOOKMARK [1][-]{section.6.12}{\376\377\0006\000.\0001\0002\000\040\000/\000h\000o\000m\000e\000/\000n\000e\000w\000-\000m\000a\000u\000r\000o\000/\000e\000c\000l\000i\000p\000s\000e\000-\000c\000d\000t\000/\000w\000o\000r\000k\000s\000p\000a\000c\000e\000/\000R\000F\000I\000M\000S\000\137\000C\000A\000R\000T\000/\000s\000r\000c\000/\000m\000a\000i\000n\000.\000c\000p\000p\000\040\000F\000i\000l\000e\000\040\000R\000e\000f\000e\000r\000e\000n\000c\000e}{chapter.6}% 357
\BOOKMARK [2][-]{subsection.6.12.1}{\376\377\0006\000.\0001\0002\000.\0001\000\040\000D\000e\000t\000a\000i\000l\000e\000d\000\040\000D\000e\000s\000c\000r\000i\000p\000t\000i\000o\000n}{section.6.12}% 358
\BOOKMARK [2][-]{subsection.6.12.2}{\376\377\0006\000.\0001\0002\000.\0002\000\040\000F\000u\000n\000c\000t\000i\000o\000n\000\040\000D\000o\000c\000u\000m\000e\000n\000t\000a\000t\000i\000o\000n}{section.6.12}% 359
\BOOKMARK [3][-]{subsubsection.6.12.2.1}{\376\377\0006\000.\0001\0002\000.\0002\000.\0001\000\040\000m\000a\000i\000n\000\050\000\051}{subsection.6.12.2}% 360
\BOOKMARK [1][-]{section.6.13}{\376\377\0006\000.\0001\0003\000\040\000/\000h\000o\000m\000e\000/\000n\000e\000w\000-\000m\000a\000u\000r\000o\000/\000e\000c\000l\000i\000p\000s\000e\000-\000c\000d\000t\000/\000w\000o\000r\000k\000s\000p\000a\000c\000e\000/\000R\000F\000I\000M\000S\000\137\000C\000A\000R\000T\000/\000s\000r\000c\000/\000R\000e\000p\000l\000y\000.\000c\000p\000p\000\040\000F\000i\000l\000e\000\040\000R\000e\000f\000e\000r\000e\000n\000c\000e}{chapter.6}% 361
\BOOKMARK [2][-]{subsection.6.13.1}{\376\377\0006\000.\0001\0003\000.\0001\000\040\000D\000e\000t\000a\000i\000l\000e\000d\000\040\000D\000e\000s\000c\000r\000i\000p\000t\000i\000o\000n}{section.6.13}% 362
\BOOKMARK [1][-]{section.6.14}{\376\377\0006\000.\0001\0004\000\040\000/\000h\000o\000m\000e\000/\000n\000e\000w\000-\000m\000a\000u\000r\000o\000/\000e\000c\000l\000i\000p\000s\000e\000-\000c\000d\000t\000/\000w\000o\000r\000k\000s\000p\000a\000c\000e\000/\000R\000F\000I\000M\000S\000\137\000C\000A\000R\000T\000/\000s\000r\000c\000/\000R\000F\000I\000D\000e\000t\000e\000c\000t\000o\000r\000.\000c\000p\000p\000\040\000F\000i\000l\000e\000\040\000R\000e\000f\000e\000r\000e\000n\000c\000e}{chapter.6}% 363
\BOOKMARK [2][-]{subsection.6.14.1}{\376\377\0006\000.\0001\0004\000.\0001\000\040\000D\000e\000t\000a\000i\000l\000e\000d\000\040\000D\000e\000s\000c\000r\000i\000p\000t\000i\000o\000n}{section.6.14}% 364
\BOOKMARK [1][-]{section.6.15}{\376\377\0006\000.\0001\0005\000\040\000/\000h\000o\000m\000e\000/\000n\000e\000w\000-\000m\000a\000u\000r\000o\000/\000e\000c\000l\000i\000p\000s\000e\000-\000c\000d\000t\000/\000w\000o\000r\000k\000s\000p\000a\000c\000e\000/\000R\000F\000I\000M\000S\000\137\000C\000A\000R\000T\000/\000s\000r\000c\000/\000S\000p\000e\000c\000t\000r\000a\000n\000.\000h\000\040\000F\000i\000l\000e\000\040\000R\000e\000f\000e\000r\000e\000n\000c\000e}{chapter.6}% 365
\BOOKMARK [2][-]{subsection.6.15.1}{\376\377\0006\000.\0001\0005\000.\0001\000\040\000D\000e\000t\000a\000i\000l\000e\000d\000\040\000D\000e\000s\000c\000r\000i\000p\000t\000i\000o\000n}{section.6.15}% 366
\BOOKMARK [2][-]{subsection.6.15.2}{\376\377\0006\000.\0001\0005\000.\0002\000\040\000E\000n\000u\000m\000e\000r\000a\000t\000i\000o\000n\000\040\000T\000y\000p\000e\000\040\000D\000o\000c\000u\000m\000e\000n\000t\000a\000t\000i\000o\000n}{section.6.15}% 367
\BOOKMARK [3][-]{subsubsection.6.15.2.1}{\376\377\0006\000.\0001\0005\000.\0002\000.\0001\000\040\000S\000p\000e\000c\000V\000a\000r\000i\000a\000b\000l\000e}{subsection.6.15.2}% 368
\BOOKMARK [2][-]{subsection.6.15.3}{\376\377\0006\000.\0001\0005\000.\0003\000\040\000F\000u\000n\000c\000t\000i\000o\000n\000\040\000D\000o\000c\000u\000m\000e\000n\000t\000a\000t\000i\000o\000n}{section.6.15}% 369
\BOOKMARK [3][-]{subsubsection.6.15.3.1}{\376\377\0006\000.\0001\0005\000.\0003\000.\0001\000\040\000R\000B\000W\000\137\000I\000N\000D\000E\000X\000\050\000\051}{subsection.6.15.3}% 370
\BOOKMARK [1][-]{section.6.16}{\376\377\0006\000.\0001\0006\000\040\000/\000h\000o\000m\000e\000/\000n\000e\000w\000-\000m\000a\000u\000r\000o\000/\000e\000c\000l\000i\000p\000s\000e\000-\000c\000d\000t\000/\000w\000o\000r\000k\000s\000p\000a\000c\000e\000/\000R\000F\000I\000M\000S\000\137\000C\000A\000R\000T\000/\000s\000r\000c\000/\000S\000p\000e\000c\000t\000r\000a\000n\000C\000o\000n\000f\000i\000g\000u\000r\000a\000t\000o\000r\000.\000c\000p\000p\000\040\000F\000i\000l\000e\000\040\000R\000e\000f\000e\000r\000e\000n\000c\000e}{chapter.6}% 371
\BOOKMARK [2][-]{subsection.6.16.1}{\376\377\0006\000.\0001\0006\000.\0001\000\040\000D\000e\000t\000a\000i\000l\000e\000d\000\040\000D\000e\000s\000c\000r\000i\000p\000t\000i\000o\000n}{section.6.16}% 372
\BOOKMARK [1][-]{section.6.17}{\376\377\0006\000.\0001\0007\000\040\000/\000h\000o\000m\000e\000/\000n\000e\000w\000-\000m\000a\000u\000r\000o\000/\000e\000c\000l\000i\000p\000s\000e\000-\000c\000d\000t\000/\000w\000o\000r\000k\000s\000p\000a\000c\000e\000/\000R\000F\000I\000M\000S\000\137\000C\000A\000R\000T\000/\000s\000r\000c\000/\000S\000p\000e\000c\000t\000r\000a\000n\000I\000n\000t\000e\000r\000f\000a\000c\000e\000.\000c\000p\000p\000\040\000F\000i\000l\000e\000\040\000R\000e\000f\000e\000r\000e\000n\000c\000e}{chapter.6}% 373
\BOOKMARK [2][-]{subsection.6.17.1}{\376\377\0006\000.\0001\0007\000.\0001\000\040\000D\000e\000t\000a\000i\000l\000e\000d\000\040\000D\000e\000s\000c\000r\000i\000p\000t\000i\000o\000n}{section.6.17}% 374
\BOOKMARK [1][-]{section.6.18}{\376\377\0006\000.\0001\0008\000\040\000/\000h\000o\000m\000e\000/\000n\000e\000w\000-\000m\000a\000u\000r\000o\000/\000e\000c\000l\000i\000p\000s\000e\000-\000c\000d\000t\000/\000w\000o\000r\000k\000s\000p\000a\000c\000e\000/\000R\000F\000I\000M\000S\000\137\000C\000A\000R\000T\000/\000s\000r\000c\000/\000S\000w\000e\000e\000p\000B\000u\000i\000l\000d\000e\000r\000.\000c\000p\000p\000\040\000F\000i\000l\000e\000\040\000R\000e\000f\000e\000r\000e\000n\000c\000e}{chapter.6}% 375
\BOOKMARK [2][-]{subsection.6.18.1}{\376\377\0006\000.\0001\0008\000.\0001\000\040\000D\000e\000t\000a\000i\000l\000e\000d\000\040\000D\000e\000s\000c\000r\000i\000p\000t\000i\000o\000n}{section.6.18}% 376
\BOOKMARK [1][-]{section.6.19}{\376\377\0006\000.\0001\0009\000\040\000/\000h\000o\000m\000e\000/\000n\000e\000w\000-\000m\000a\000u\000r\000o\000/\000e\000c\000l\000i\000p\000s\000e\000-\000c\000d\000t\000/\000w\000o\000r\000k\000s\000p\000a\000c\000e\000/\000R\000F\000I\000M\000S\000\137\000C\000A\000R\000T\000/\000s\000r\000c\000/\000S\000w\000e\000e\000p\000P\000r\000o\000c\000e\000s\000s\000i\000n\000g\000.\000h\000\040\000F\000i\000l\000e\000\040\000R\000e\000f\000e\000r\000e\000n\000c\000e}{chapter.6}% 377
\BOOKMARK [2][-]{subsection.6.19.1}{\376\377\0006\000.\0001\0009\000.\0001\000\040\000D\000e\000t\000a\000i\000l\000e\000d\000\040\000D\000e\000s\000c\000r\000i\000p\000t\000i\000o\000n}{section.6.19}% 378
\BOOKMARK [1][-]{section.6.20}{\376\377\0006\000.\0002\0000\000\040\000/\000h\000o\000m\000e\000/\000n\000e\000w\000-\000m\000a\000u\000r\000o\000/\000e\000c\000l\000i\000p\000s\000e\000-\000c\000d\000t\000/\000w\000o\000r\000k\000s\000p\000a\000c\000e\000/\000R\000F\000I\000M\000S\000\137\000C\000A\000R\000T\000/\000s\000r\000c\000/\000T\000i\000m\000e\000D\000a\000t\000a\000.\000c\000p\000p\000\040\000F\000i\000l\000e\000\040\000R\000e\000f\000e\000r\000e\000n\000c\000e}{chapter.6}% 379
\BOOKMARK [2][-]{subsection.6.20.1}{\376\377\0006\000.\0002\0000\000.\0001\000\040\000D\000e\000t\000a\000i\000l\000e\000d\000\040\000D\000e\000s\000c\000r\000i\000p\000t\000i\000o\000n}{section.6.20}% 380
\BOOKMARK [2][-]{subsection.6.20.2}{\376\377\0006\000.\0002\0000\000.\0002\000\040\000F\000u\000n\000c\000t\000i\000o\000n\000\040\000D\000o\000c\000u\000m\000e\000n\000t\000a\000t\000i\000o\000n}{section.6.20}% 381
\BOOKMARK [3][-]{subsubsection.6.20.2.1}{\376\377\0006\000.\0002\0000\000.\0002\000.\0001\000\040\000o\000p\000e\000r\000a\000t\000o\000r\000<\000\050\000\051}{subsection.6.20.2}% 382
\BOOKMARK [3][-]{subsubsection.6.20.2.2}{\376\377\0006\000.\0002\0000\000.\0002\000.\0002\000\040\000o\000p\000e\000r\000a\000t\000o\000r\000=\000=\000\050\000\051}{subsection.6.20.2}% 383
\BOOKMARK [3][-]{subsubsection.6.20.2.3}{\376\377\0006\000.\0002\0000\000.\0002\000.\0003\000\040\000o\000p\000e\000r\000a\000t\000o\000r\000>\000\050\000\051}{subsection.6.20.2}% 384
\BOOKMARK [1][-]{section.6.21}{\376\377\0006\000.\0002\0001\000\040\000/\000h\000o\000m\000e\000/\000n\000e\000w\000-\000m\000a\000u\000r\000o\000/\000e\000c\000l\000i\000p\000s\000e\000-\000c\000d\000t\000/\000w\000o\000r\000k\000s\000p\000a\000c\000e\000/\000R\000F\000I\000M\000S\000\137\000C\000A\000R\000T\000/\000s\000r\000c\000/\000T\000o\000p\000L\000e\000v\000e\000l\000.\000h\000\040\000F\000i\000l\000e\000\040\000R\000e\000f\000e\000r\000e\000n\000c\000e}{chapter.6}% 385
\BOOKMARK [2][-]{subsection.6.21.1}{\376\377\0006\000.\0002\0001\000.\0001\000\040\000D\000e\000t\000a\000i\000l\000e\000d\000\040\000D\000e\000s\000c\000r\000i\000p\000t\000i\000o\000n}{section.6.21}% 386
\BOOKMARK [2][-]{subsection.6.21.2}{\376\377\0006\000.\0002\0001\000.\0002\000\040\000F\000u\000n\000c\000t\000i\000o\000n\000\040\000D\000o\000c\000u\000m\000e\000n\000t\000a\000t\000i\000o\000n}{section.6.21}% 387
\BOOKMARK [3][-]{subsubsection.6.21.2.1}{\376\377\0006\000.\0002\0001\000.\0002\000.\0001\000\040\000P\000r\000o\000c\000e\000s\000s\000M\000a\000i\000n\000A\000r\000g\000u\000m\000e\000n\000t\000s\000\050\000\051}{subsection.6.21.2}% 388
